{"/home/kitsh/projects/a-w-ai/src/ONETSkillMapper.ts": {"path":"/home/kitsh/projects/a-w-ai/src/ONETSkillMapper.ts","statementMap":{"0":{"start":{"line":1,"column":0},"end":{"line":1,"column":34}},"1":{"start":{"line":2,"column":0},"end":{"line":2,"column":29}},"2":{"start":{"line":19,"column":10},"end":{"line":19,"column":54}},"3":{"start":{"line":22,"column":4},"end":{"line":22,"column":24}},"4":{"start":{"line":23,"column":4},"end":{"line":23,"column":34}},"5":{"start":{"line":27,"column":23},"end":{"line":27,"column":68}},"6":{"start":{"line":28,"column":22},"end":{"line":28,"column":55}},"7":{"start":{"line":33,"column":25},"end":{"line":33,"column":89}},"8":{"start":{"line":34,"column":24},"end":{"line":34,"column":59}},"9":{"start":{"line":40,"column":4},"end":{"line":76,"column":7}},"10":{"start":{"line":80,"column":0},"end":{"line":80,"column":31}}},"fnMap":{"0":{"name":"(anonymous_9)","decl":{"start":{"line":21,"column":2},"end":{"line":21,"column":null}},"loc":{"start":{"line":21,"column":2},"end":{"line":24,"column":3}}},"1":{"name":"(anonymous_10)","decl":{"start":{"line":26,"column":10},"end":{"line":26,"column":22}},"loc":{"start":{"line":26,"column":22},"end":{"line":30,"column":3}}},"2":{"name":"(anonymous_11)","decl":{"start":{"line":32,"column":10},"end":{"line":32,"column":32}},"loc":{"start":{"line":32,"column":32},"end":{"line":36,"column":3}}},"3":{"name":"(anonymous_12)","decl":{"start":{"line":38,"column":2},"end":{"line":38,"column":7}},"loc":{"start":{"line":38,"column":49},"end":{"line":77,"column":3}}}},"branchMap":{},"s":{"0":1,"1":1,"2":1,"3":1,"4":1,"5":1,"6":1,"7":1,"8":1,"9":1,"10":1},"f":{"0":1,"1":1,"2":1,"3":1},"b":{}}
}
