TN:
SF:src/ONETSkillMapper.ts
FN:35,(anonymous_9)
FN:40,(anonymous_10)
FN:45,(anonymous_11)
FN:46,(anonymous_12)
FN:64,(anonymous_13)
FN:69,(anonymous_14)
FN:70,(anonymous_15)
FN:91,(anonymous_16)
FN:115,(anonymous_17)
FN:132,(anonymous_18)
FN:152,(anonymous_19)
FN:160,(anonymous_20)
FN:192,(anonymous_21)
FN:193,(anonymous_22)
FN:197,(anonymous_23)
FN:201,(anonymous_24)
FN:208,(anonymous_25)
FN:209,(anonymous_26)
FNF:18
FNH:18
FNDA:1,(anonymous_9)
FNDA:1,(anonymous_10)
FNDA:15,(anonymous_11)
FNDA:3,(anonymous_12)
FNDA:1,(anonymous_13)
FNDA:19,(anonymous_14)
FNDA:4,(anonymous_15)
FNDA:26,(anonymous_16)
FNDA:1,(anonymous_17)
FNDA:91,(anonymous_18)
FNDA:10,(anonymous_19)
FNDA:165,(anonymous_20)
FNDA:30,(anonymous_21)
FNDA:127,(anonymous_22)
FNDA:37,(anonymous_23)
FNDA:11,(anonymous_24)
FNDA:15,(anonymous_25)
FNDA:12,(anonymous_26)
DA:1,1
DA:2,1
DA:3,1
DA:31,1
DA:32,1
DA:33,1
DA:36,1
DA:37,1
DA:41,1
DA:42,1
DA:45,15
DA:46,3
DA:48,1
DA:49,13
DA:50,13
DA:53,13
DA:54,13
DA:55,13
DA:65,1
DA:66,1
DA:69,19
DA:70,4
DA:72,1
DA:73,16
DA:74,16
DA:76,13
DA:77,13
DA:78,8
DA:88,1
DA:92,26
DA:93,26
DA:94,26
DA:96,26
DA:97,2550
DA:99,2550
DA:100,38
DA:101,2512
DA:102,38
DA:103,2474
DA:104,58
DA:105,58
DA:107,2416
DA:111,26
DA:112,26
DA:117,1
DA:120,1
DA:121,1
DA:122,1
DA:123,1
DA:124,1
DA:127,1
DA:128,5
DA:133,91
DA:134,91
DA:137,91
DA:140,91
DA:141,3
DA:145,88
DA:146,88
DA:147,88
DA:149,88
DA:153,10
DA:154,10
DA:157,10
DA:158,50
DA:159,6
DA:160,165
DA:161,24
DA:162,24
DA:174,10
DA:175,3
DA:179,7
DA:180,91
DA:181,91
DA:182,21
DA:192,7
DA:193,127
DA:197,37
DA:198,7
DA:202,11
DA:204,11
DA:205,10
DA:208,15
DA:209,12
DA:211,10
DA:219,11
DA:223,1
LF:87
LH:87
BRDA:50,0,0,0
BRDA:50,0,1,13
BRDA:54,1,0,13
BRDA:54,1,1,0
BRDA:74,2,0,3
BRDA:74,2,1,13
BRDA:74,3,0,16
BRDA:74,3,1,16
BRDA:74,3,2,15
BRDA:77,4,0,8
BRDA:77,4,1,5
BRDA:99,5,0,38
BRDA:99,5,1,2512
BRDA:99,6,0,2550
BRDA:99,6,1,76
BRDA:99,6,2,76
BRDA:101,7,0,38
BRDA:101,7,1,2474
BRDA:101,8,0,2512
BRDA:101,8,1,38
BRDA:101,8,2,38
BRDA:101,8,3,23
BRDA:103,9,0,58
BRDA:103,9,1,2416
BRDA:103,10,0,2474
BRDA:103,10,1,63
BRDA:137,11,0,0
BRDA:137,11,1,91
BRDA:140,12,0,3
BRDA:140,12,1,88
BRDA:140,13,0,91
BRDA:140,13,1,88
BRDA:158,14,0,6
BRDA:158,14,1,44
BRDA:161,15,0,24
BRDA:161,15,1,0
BRDA:174,16,0,3
BRDA:174,16,1,7
BRDA:181,17,0,21
BRDA:181,17,1,70
BRF:40
BRH:36
end_of_record
