TN:
SF:src/ONETSkillMapper.ts
FN:35,(anonymous_9)
FN:40,(anonymous_10)
FN:45,(anonymous_11)
FN:46,(anonymous_12)
FN:64,(anonymous_13)
FN:69,(anonymous_14)
FN:70,(anonymous_15)
FN:91,(anonymous_16)
FN:115,(anonymous_17)
FN:132,(anonymous_18)
FN:152,(anonymous_19)
FN:160,(anonymous_20)
FN:192,(anonymous_21)
FN:193,(anonymous_22)
FN:197,(anonymous_23)
FN:201,(anonymous_24)
FN:208,(anonymous_25)
FN:209,(anonymous_26)
FNF:18
FNH:6
FNDA:1,(anonymous_9)
FNDA:1,(anonymous_10)
FNDA:15,(anonymous_11)
FNDA:3,(anonymous_12)
FNDA:1,(anonymous_13)
FNDA:0,(anonymous_14)
FNDA:0,(anonymous_15)
FNDA:13,(anonymous_16)
FNDA:0,(anonymous_17)
FNDA:0,(anonymous_18)
FNDA:0,(anonymous_19)
FNDA:0,(anonymous_20)
FNDA:0,(anonymous_21)
FNDA:0,(anonymous_22)
FNDA:0,(anonymous_23)
FNDA:0,(anonymous_24)
FNDA:0,(anonymous_25)
FNDA:0,(anonymous_26)
DA:1,1
DA:2,1
DA:3,1
DA:31,1
DA:32,1
DA:33,1
DA:36,1
DA:37,1
DA:41,1
DA:42,1
DA:45,15
DA:46,3
DA:48,1
DA:49,13
DA:50,13
DA:53,13
DA:54,13
DA:55,13
DA:65,1
DA:66,1
DA:69,0
DA:70,0
DA:72,0
DA:73,0
DA:74,0
DA:76,0
DA:77,0
DA:78,0
DA:88,0
DA:92,13
DA:93,13
DA:94,13
DA:96,13
DA:97,1305
DA:99,1305
DA:100,26
DA:101,1279
DA:102,26
DA:103,1253
DA:104,26
DA:105,26
DA:107,1227
DA:111,13
DA:112,13
DA:117,0
DA:120,0
DA:121,0
DA:122,0
DA:123,0
DA:124,0
DA:127,0
DA:128,0
DA:133,0
DA:134,0
DA:137,0
DA:140,0
DA:141,0
DA:145,0
DA:146,0
DA:147,0
DA:149,0
DA:153,0
DA:154,0
DA:157,0
DA:158,0
DA:159,0
DA:160,0
DA:161,0
DA:162,0
DA:174,0
DA:175,0
DA:179,0
DA:180,0
DA:181,0
DA:182,0
DA:192,0
DA:193,0
DA:197,0
DA:198,0
DA:202,0
DA:204,0
DA:205,0
DA:208,0
DA:209,0
DA:211,0
DA:219,0
DA:223,1
LF:87
LH:36
BRDA:50,0,0,0
BRDA:50,0,1,13
BRDA:54,1,0,13
BRDA:54,1,1,0
BRDA:74,2,0,0
BRDA:74,2,1,0
BRDA:74,3,0,0
BRDA:74,3,1,0
BRDA:74,3,2,0
BRDA:77,4,0,0
BRDA:77,4,1,0
BRDA:99,5,0,26
BRDA:99,5,1,1279
BRDA:99,6,0,1305
BRDA:99,6,1,52
BRDA:99,6,2,52
BRDA:101,7,0,26
BRDA:101,7,1,1253
BRDA:101,8,0,1279
BRDA:101,8,1,26
BRDA:101,8,2,26
BRDA:101,8,3,13
BRDA:103,9,0,26
BRDA:103,9,1,1227
BRDA:103,10,0,1253
BRDA:103,10,1,30
BRDA:137,11,0,0
BRDA:137,11,1,0
BRDA:140,12,0,0
BRDA:140,12,1,0
BRDA:140,13,0,0
BRDA:140,13,1,0
BRDA:158,14,0,0
BRDA:158,14,1,0
BRDA:161,15,0,0
BRDA:161,15,1,0
BRDA:174,16,0,0
BRDA:174,16,1,0
BRDA:181,17,0,0
BRDA:181,17,1,0
BRF:40
BRH:17
end_of_record
TN:
SF:src/components/ai-job-matcher.js
FN:3,(anonymous_0)
FN:88,(anonymous_1)
FN:133,(anonymous_2)
FN:162,(anonymous_3)
FN:196,(anonymous_4)
FN:222,(anonymous_5)
FN:248,(anonymous_6)
FN:257,(anonymous_7)
FN:263,(anonymous_8)
FN:271,(anonymous_9)
FN:307,(anonymous_10)
FN:318,(anonymous_11)
FN:342,(anonymous_12)
FN:359,(anonymous_13)
FN:384,(anonymous_14)
FN:408,(anonymous_15)
FN:413,(anonymous_16)
FN:451,(anonymous_17)
FN:462,(anonymous_18)
FN:469,(anonymous_19)
FN:470,(anonymous_20)
FN:477,(anonymous_21)
FN:488,(anonymous_22)
FN:509,(anonymous_23)
FN:526,(anonymous_24)
FN:543,(anonymous_25)
FN:544,(anonymous_26)
FN:545,(anonymous_27)
FN:553,(anonymous_28)
FN:558,(anonymous_29)
FN:569,(anonymous_30)
FN:602,(anonymous_31)
FN:603,(anonymous_32)
FN:607,(anonymous_33)
FN:613,(anonymous_34)
FN:619,(anonymous_35)
FN:660,(anonymous_36)
FN:662,(anonymous_37)
FN:664,(anonymous_38)
FN:666,(anonymous_39)
FN:672,(anonymous_40)
FN:673,(anonymous_41)
FN:682,(anonymous_42)
FN:684,(anonymous_43)
FN:686,(anonymous_44)
FN:688,(anonymous_45)
FN:698,(anonymous_46)
FN:726,(anonymous_47)
FN:747,(anonymous_48)
FN:776,(anonymous_49)
FN:788,(anonymous_50)
FN:789,(anonymous_51)
FN:790,(anonymous_52)
FN:801,(anonymous_53)
FN:827,(anonymous_54)
FN:842,(anonymous_55)
FN:852,(anonymous_56)
FN:873,(anonymous_57)
FNF:58
FNH:0
FNDA:0,(anonymous_0)
FNDA:0,(anonymous_1)
FNDA:0,(anonymous_2)
FNDA:0,(anonymous_3)
FNDA:0,(anonymous_4)
FNDA:0,(anonymous_5)
FNDA:0,(anonymous_6)
FNDA:0,(anonymous_7)
FNDA:0,(anonymous_8)
FNDA:0,(anonymous_9)
FNDA:0,(anonymous_10)
FNDA:0,(anonymous_11)
FNDA:0,(anonymous_12)
FNDA:0,(anonymous_13)
FNDA:0,(anonymous_14)
FNDA:0,(anonymous_15)
FNDA:0,(anonymous_16)
FNDA:0,(anonymous_17)
FNDA:0,(anonymous_18)
FNDA:0,(anonymous_19)
FNDA:0,(anonymous_20)
FNDA:0,(anonymous_21)
FNDA:0,(anonymous_22)
FNDA:0,(anonymous_23)
FNDA:0,(anonymous_24)
FNDA:0,(anonymous_25)
FNDA:0,(anonymous_26)
FNDA:0,(anonymous_27)
FNDA:0,(anonymous_28)
FNDA:0,(anonymous_29)
FNDA:0,(anonymous_30)
FNDA:0,(anonymous_31)
FNDA:0,(anonymous_32)
FNDA:0,(anonymous_33)
FNDA:0,(anonymous_34)
FNDA:0,(anonymous_35)
FNDA:0,(anonymous_36)
FNDA:0,(anonymous_37)
FNDA:0,(anonymous_38)
FNDA:0,(anonymous_39)
FNDA:0,(anonymous_40)
FNDA:0,(anonymous_41)
FNDA:0,(anonymous_42)
FNDA:0,(anonymous_43)
FNDA:0,(anonymous_44)
FNDA:0,(anonymous_45)
FNDA:0,(anonymous_46)
FNDA:0,(anonymous_47)
FNDA:0,(anonymous_48)
FNDA:0,(anonymous_49)
FNDA:0,(anonymous_50)
FNDA:0,(anonymous_51)
FNDA:0,(anonymous_52)
FNDA:0,(anonymous_53)
FNDA:0,(anonymous_54)
FNDA:0,(anonymous_55)
FNDA:0,(anonymous_56)
FNDA:0,(anonymous_57)
DA:4,0
DA:5,0
DA:6,0
DA:7,0
DA:9,0
DA:14,0
DA:25,0
DA:89,0
DA:90,0
DA:93,0
DA:101,0
DA:102,0
DA:103,0
DA:104,0
DA:107,0
DA:108,0
DA:109,0
DA:112,0
DA:113,0
DA:114,0
DA:116,0
DA:119,0
DA:121,0
DA:122,0
DA:124,0
DA:127,0
DA:128,0
DA:134,0
DA:135,0
DA:138,0
DA:139,0
DA:140,0
DA:141,0
DA:144,0
DA:145,0
DA:146,0
DA:148,0
DA:150,0
DA:151,0
DA:153,0
DA:156,0
DA:157,0
DA:163,0
DA:164,0
DA:167,0
DA:173,0
DA:174,0
DA:175,0
DA:178,0
DA:179,0
DA:180,0
DA:182,0
DA:184,0
DA:185,0
DA:187,0
DA:190,0
DA:191,0
DA:197,0
DA:198,0
DA:211,0
DA:213,0
DA:216,0
DA:217,0
DA:223,0
DA:224,0
DA:237,0
DA:239,0
DA:242,0
DA:243,0
DA:249,0
DA:258,0
DA:264,0
DA:272,0
DA:274,0
DA:297,0
DA:298,0
DA:299,0
DA:302,0
DA:303,0
DA:308,0
DA:310,0
DA:312,0
DA:313,0
DA:314,0
DA:317,0
DA:318,0
DA:319,0
DA:325,0
DA:338,0
DA:341,0
DA:342,0
DA:349,0
DA:350,0
DA:360,0
DA:362,0
DA:374,0
DA:376,0
DA:377,0
DA:385,0
DA:386,0
DA:397,0
DA:399,0
DA:400,0
DA:410,0
DA:411,0
DA:413,0
DA:414,0
DA:415,0
DA:425,0
DA:426,0
DA:427,0
DA:428,0
DA:429,0
DA:430,0
DA:431,0
DA:434,0
DA:437,0
DA:438,0
DA:439,0
DA:442,0
DA:443,0
DA:448,0
DA:452,0
DA:453,0
DA:454,0
DA:455,0
DA:456,0
DA:459,0
DA:463,0
DA:464,0
DA:465,0
DA:466,0
DA:467,0
DA:469,0
DA:470,0
DA:474,0
DA:478,0
DA:479,0
DA:480,0
DA:485,0
DA:489,0
DA:510,0
DA:512,0
DA:519,0
DA:521,0
DA:522,0
DA:527,0
DA:528,0
DA:529,0
DA:535,0
DA:544,0
DA:545,0
DA:546,0
DA:549,0
DA:553,0
DA:559,0
DA:570,0
DA:572,0
DA:573,0
DA:574,0
DA:581,0
DA:588,0
DA:591,0
DA:599,0
DA:603,0
DA:608,0
DA:609,0
DA:613,0
DA:614,0
DA:615,0
DA:618,0
DA:619,0
DA:622,0
DA:623,0
DA:626,0
DA:627,0
DA:630,0
DA:633,0
DA:636,0
DA:644,0
DA:646,0
DA:661,0
DA:662,0
DA:664,0
DA:666,0
DA:667,0
DA:671,0
DA:672,0
DA:673,0
DA:674,0
DA:679,0
DA:683,0
DA:684,0
DA:686,0
DA:687,0
DA:688,0
DA:689,0
DA:690,0
DA:695,0
DA:699,0
DA:700,0
DA:703,0
DA:714,0
DA:715,0
DA:719,0
DA:720,0
DA:723,0
DA:727,0
DA:728,0
DA:731,0
DA:740,0
DA:741,0
DA:744,0
DA:749,0
DA:755,0
DA:756,0
DA:757,0
DA:758,0
DA:759,0
DA:760,0
DA:765,0
DA:766,0
DA:770,0
DA:771,0
DA:772,0
DA:773,0
DA:777,0
DA:785,0
DA:786,0
DA:788,0
DA:789,0
DA:790,0
DA:792,0
DA:793,0
DA:794,0
DA:798,0
DA:802,0
DA:805,0
DA:806,0
DA:810,0
DA:811,0
DA:815,0
DA:816,0
DA:820,0
DA:821,0
DA:824,0
DA:828,0
DA:830,0
DA:831,0
DA:832,0
DA:833,0
DA:834,0
DA:835,0
DA:837,0
DA:843,0
DA:853,0
DA:854,0
DA:855,0
DA:862,0
DA:863,0
DA:874,0
LF:261
LH:0
BRDA:88,0,0,0
BRDA:88,1,0,0
BRDA:88,2,0,0
BRDA:89,3,0,0
BRDA:89,3,1,0
BRDA:96,4,0,0
BRDA:96,4,1,0
BRDA:97,5,0,0
BRDA:97,5,1,0
BRDA:103,6,0,0
BRDA:103,6,1,0
BRDA:108,7,0,0
BRDA:108,7,1,0
BRDA:133,8,0,0
BRDA:134,9,0,0
BRDA:134,9,1,0
BRDA:140,10,0,0
BRDA:140,10,1,0
BRDA:162,11,0,0
BRDA:163,12,0,0
BRDA:163,12,1,0
BRDA:174,13,0,0
BRDA:174,13,1,0
BRDA:196,14,0,0
BRDA:196,15,0,0
BRDA:222,16,0,0
BRDA:222,17,0,0
BRDA:271,18,0,0
BRDA:272,19,0,0
BRDA:272,19,1,0
BRDA:297,20,0,0
BRDA:297,20,1,0
BRDA:299,21,0,0
BRDA:299,21,1,0
BRDA:312,22,0,0
BRDA:312,22,1,0
BRDA:312,23,0,0
BRDA:312,23,1,0
BRDA:314,24,0,0
BRDA:314,24,1,0
BRDA:314,25,0,0
BRDA:314,25,1,0
BRDA:317,26,0,0
BRDA:317,26,1,0
BRDA:317,27,0,0
BRDA:317,27,1,0
BRDA:321,28,0,0
BRDA:321,28,1,0
BRDA:322,29,0,0
BRDA:322,29,1,0
BRDA:332,30,0,0
BRDA:332,30,1,0
BRDA:408,31,0,0
BRDA:414,32,0,0
BRDA:414,32,1,0
BRDA:425,33,0,0
BRDA:425,33,1,0
BRDA:425,34,0,0
BRDA:425,34,1,0
BRDA:442,35,0,0
BRDA:442,35,1,0
BRDA:442,36,0,0
BRDA:442,36,1,0
BRDA:455,37,0,0
BRDA:455,37,1,0
BRDA:466,38,0,0
BRDA:466,38,1,0
BRDA:479,39,0,0
BRDA:479,39,1,0
BRDA:490,40,0,0
BRDA:490,40,1,0
BRDA:491,41,0,0
BRDA:491,41,1,0
BRDA:492,42,0,0
BRDA:492,42,1,0
BRDA:493,43,0,0
BRDA:493,43,1,0
BRDA:494,44,0,0
BRDA:494,44,1,0
BRDA:495,45,0,0
BRDA:495,45,1,0
BRDA:496,46,0,0
BRDA:496,46,1,0
BRDA:497,47,0,0
BRDA:497,47,1,0
BRDA:498,48,0,0
BRDA:498,48,1,0
BRDA:499,49,0,0
BRDA:499,49,1,0
BRDA:500,50,0,0
BRDA:500,50,1,0
BRDA:501,51,0,0
BRDA:501,51,1,0
BRDA:502,52,0,0
BRDA:502,52,1,0
BRDA:503,53,0,0
BRDA:503,53,1,0
BRDA:504,54,0,0
BRDA:504,54,1,0
BRDA:607,55,0,0
BRDA:608,56,0,0
BRDA:608,56,1,0
BRDA:608,57,0,0
BRDA:608,57,1,0
BRDA:613,58,0,0
BRDA:613,58,1,0
BRDA:613,58,2,0
BRDA:614,59,0,0
BRDA:614,59,1,0
BRDA:618,60,0,0
BRDA:618,60,1,0
BRDA:666,61,0,0
BRDA:666,61,1,0
BRDA:666,62,0,0
BRDA:666,62,1,0
BRDA:673,63,0,0
BRDA:673,63,1,0
BRDA:673,64,0,0
BRDA:673,64,1,0
BRDA:689,65,0,0
BRDA:689,65,1,0
BRDA:714,66,0,0
BRDA:714,66,1,0
BRDA:719,67,0,0
BRDA:719,67,1,0
BRDA:740,68,0,0
BRDA:740,68,1,0
BRDA:758,69,0,0
BRDA:758,69,1,0
BRDA:765,70,0,0
BRDA:765,70,1,0
BRDA:770,71,0,0
BRDA:770,71,1,0
BRDA:771,72,0,0
BRDA:771,72,1,0
BRDA:772,73,0,0
BRDA:772,73,1,0
BRDA:792,74,0,0
BRDA:792,74,1,0
BRDA:792,75,0,0
BRDA:792,75,1,0
BRDA:798,76,0,0
BRDA:798,76,1,0
BRDA:805,77,0,0
BRDA:805,77,1,0
BRDA:810,78,0,0
BRDA:810,78,1,0
BRDA:815,79,0,0
BRDA:815,79,1,0
BRDA:820,80,0,0
BRDA:820,80,1,0
BRDA:830,81,0,0
BRDA:830,81,1,0
BRDA:831,82,0,0
BRDA:831,82,1,0
BRDA:832,83,0,0
BRDA:832,83,1,0
BRDA:833,84,0,0
BRDA:833,84,1,0
BRDA:834,85,0,0
BRDA:834,85,1,0
BRDA:852,86,0,0
BRDA:856,87,0,0
BRDA:856,87,1,0
BRDA:856,88,0,0
BRDA:856,88,1,0
BRDA:857,89,0,0
BRDA:857,89,1,0
BRDA:858,90,0,0
BRDA:858,90,1,0
BRF:170
BRH:0
end_of_record
TN:
SF:src/components/app.js
FN:2,(anonymous_0)
FN:89,(anonymous_1)
FN:91,(anonymous_2)
FN:104,(anonymous_3)
FN:110,(anonymous_4)
FN:112,(anonymous_5)
FN:131,(anonymous_6)
FN:137,(anonymous_7)
FN:139,(anonymous_8)
FN:145,(anonymous_9)
FN:147,(anonymous_10)
FN:151,(anonymous_11)
FN:160,(anonymous_12)
FN:161,(anonymous_13)
FN:170,(anonymous_14)
FN:181,(anonymous_15)
FN:183,(anonymous_16)
FN:195,(anonymous_17)
FN:206,(anonymous_18)
FN:208,(anonymous_19)
FN:209,(anonymous_20)
FN:217,(anonymous_21)
FN:231,(anonymous_22)
FN:233,(anonymous_23)
FN:242,(anonymous_24)
FN:297,(anonymous_25)
FN:299,(anonymous_26)
FN:302,(anonymous_27)
FN:305,(anonymous_28)
FN:306,(anonymous_29)
FN:307,(anonymous_30)
FN:310,(anonymous_31)
FN:311,(anonymous_32)
FN:314,(anonymous_33)
FN:315,(anonymous_34)
FN:316,(anonymous_35)
FN:317,(anonymous_36)
FN:320,(anonymous_37)
FN:321,(anonymous_38)
FN:322,(anonymous_39)
FN:325,(anonymous_40)
FN:334,(anonymous_41)
FN:339,(anonymous_42)
FN:344,(anonymous_43)
FN:354,(anonymous_44)
FN:361,(anonymous_45)
FN:411,(anonymous_46)
FN:457,(anonymous_47)
FN:497,(anonymous_48)
FN:515,(anonymous_49)
FN:523,(anonymous_50)
FN:545,(anonymous_51)
FN:575,(anonymous_52)
FN:610,(anonymous_53)
FN:628,(anonymous_54)
FN:629,(anonymous_55)
FN:631,(anonymous_56)
FN:632,(anonymous_57)
FN:637,(anonymous_58)
FN:638,(anonymous_59)
FN:640,(anonymous_60)
FN:641,(anonymous_61)
FN:646,(anonymous_62)
FN:653,(anonymous_63)
FN:661,(anonymous_64)
FN:667,(anonymous_65)
FN:672,(anonymous_66)
FN:676,(anonymous_67)
FN:682,(anonymous_68)
FN:688,(anonymous_69)
FN:694,(anonymous_70)
FN:699,(anonymous_71)
FN:724,(anonymous_72)
FN:733,(anonymous_73)
FN:737,(anonymous_74)
FN:785,(anonymous_75)
FN:787,(anonymous_76)
FN:792,(anonymous_77)
FN:804,(anonymous_78)
FN:822,(anonymous_79)
FN:832,(anonymous_80)
FN:843,(anonymous_81)
FN:867,(anonymous_82)
FN:868,(anonymous_83)
FN:875,(anonymous_84)
FN:894,(anonymous_85)
FN:898,(anonymous_86)
FN:903,(anonymous_87)
FN:910,(anonymous_88)
FN:914,(anonymous_89)
FN:921,(anonymous_90)
FN:924,(anonymous_91)
FN:934,(anonymous_92)
FN:940,(anonymous_93)
FN:951,(anonymous_94)
FN:957,(anonymous_95)
FN:982,(anonymous_96)
FN:991,(anonymous_97)
FN:1018,(anonymous_98)
FN:1028,(anonymous_99)
FN:1052,(anonymous_100)
FN:1091,(anonymous_101)
FN:1149,(anonymous_102)
FN:1169,(anonymous_103)
FN:1191,(anonymous_104)
FN:1254,(anonymous_105)
FN:1276,(anonymous_106)
FN:1313,(anonymous_107)
FN:1324,(anonymous_108)
FN:1325,(anonymous_109)
FN:1338,(anonymous_110)
FN:1371,(anonymous_111)
FN:1391,(anonymous_112)
FN:1430,(anonymous_113)
FN:1454,(anonymous_114)
FN:1471,(anonymous_115)
FN:1490,(anonymous_116)
FN:1512,(anonymous_117)
FN:1524,(anonymous_118)
FN:1529,(anonymous_119)
FN:1535,(anonymous_120)
FN:1543,(anonymous_121)
FN:1574,(anonymous_122)
FN:1602,(anonymous_123)
FN:1611,(anonymous_124)
FN:1622,(anonymous_125)
FN:1645,(anonymous_126)
FN:1669,(anonymous_127)
FN:1671,(anonymous_128)
FN:1739,(anonymous_129)
FN:1744,(anonymous_130)
FN:1852,(anonymous_131)
FN:1880,(anonymous_132)
FN:1901,(anonymous_133)
FN:1906,(anonymous_134)
FN:1918,(anonymous_135)
FN:1931,(anonymous_136)
FN:1938,(anonymous_137)
FN:1950,(anonymous_138)
FN:1959,(anonymous_139)
FN:1979,(anonymous_140)
FN:2021,(anonymous_141)
FN:2030,(anonymous_142)
FN:2040,(anonymous_143)
FN:2056,(anonymous_144)
FN:2060,(anonymous_145)
FN:2065,(anonymous_146)
FN:2069,(anonymous_147)
FN:2073,(anonymous_148)
FN:2081,(anonymous_149)
FN:2085,(anonymous_150)
FN:2103,(anonymous_151)
FN:2109,(anonymous_152)
FN:2114,(anonymous_153)
FN:2118,(anonymous_154)
FN:2208,(anonymous_155)
FN:2221,(anonymous_156)
FN:2308,(anonymous_157)
FN:2331,(anonymous_158)
FN:2398,(anonymous_159)
FN:2405,(anonymous_160)
FN:2434,(anonymous_161)
FN:2445,(anonymous_162)
FN:2458,(anonymous_163)
FN:2618,(anonymous_164)
FN:2628,(anonymous_165)
FN:2637,(anonymous_166)
FN:2661,(anonymous_167)
FN:2672,(anonymous_168)
FN:2675,(anonymous_169)
FN:2682,(anonymous_170)
FN:2694,(anonymous_171)
FN:2706,(anonymous_172)
FN:2718,(anonymous_173)
FN:2730,(anonymous_174)
FN:2732,(anonymous_175)
FN:2736,(anonymous_176)
FN:2737,(anonymous_177)
FN:2743,(anonymous_178)
FN:2765,(anonymous_179)
FN:2790,(anonymous_180)
FN:2814,(anonymous_181)
FN:2820,(anonymous_182)
FN:2859,(anonymous_183)
FN:2942,(anonymous_184)
FN:2949,(anonymous_185)
FN:2978,(anonymous_186)
FN:2985,(anonymous_187)
FN:2991,(anonymous_188)
FN:3004,(anonymous_189)
FN:3025,(anonymous_190)
FN:3039,(anonymous_191)
FN:3045,(anonymous_192)
FN:3050,(anonymous_193)
FN:3058,(anonymous_194)
FN:3065,(anonymous_195)
FN:3082,(anonymous_196)
FN:3095,(anonymous_197)
FN:3109,(anonymous_198)
FN:3115,(anonymous_199)
FN:3128,(anonymous_200)
FN:3141,(anonymous_201)
FN:3153,(anonymous_202)
FN:3160,(anonymous_203)
FN:3163,(anonymous_204)
FN:3171,(anonymous_205)
FN:3191,(anonymous_206)
FN:3204,(anonymous_207)
FN:3208,(anonymous_208)
FN:3219,(anonymous_209)
FN:3237,(anonymous_210)
FN:3242,(anonymous_211)
FN:3247,(anonymous_212)
FN:3292,(anonymous_213)
FN:3318,(anonymous_214)
FN:3322,(anonymous_215)
FN:3332,(anonymous_216)
FN:3360,(anonymous_217)
FN:3390,(anonymous_218)
FN:3398,(anonymous_219)
FN:3401,(anonymous_220)
FN:3403,(anonymous_221)
FN:3434,(anonymous_222)
FN:3438,(anonymous_223)
FN:3442,(anonymous_224)
FN:3448,(anonymous_225)
FN:3467,(anonymous_226)
FN:3499,(anonymous_227)
FN:3500,(anonymous_228)
FN:3503,(anonymous_229)
FN:3509,(anonymous_230)
FN:3510,(anonymous_231)
FN:3513,(anonymous_232)
FN:3533,(anonymous_233)
FN:3536,(anonymous_234)
FN:3543,(anonymous_235)
FN:3549,(anonymous_236)
FN:3564,(anonymous_237)
FN:3610,(anonymous_238)
FN:3658,(anonymous_239)
FN:3664,(anonymous_240)
FN:3682,(anonymous_241)
FN:3684,(anonymous_242)
FN:3700,(anonymous_243)
FN:3702,(anonymous_244)
FN:3715,(anonymous_245)
FN:3729,(anonymous_246)
FN:3733,(anonymous_247)
FN:3735,(anonymous_248)
FN:3768,(anonymous_249)
FN:3782,(anonymous_250)
FN:3790,(anonymous_251)
FN:3806,(anonymous_252)
FN:3831,(anonymous_253)
FN:3849,(anonymous_254)
FN:3866,(anonymous_255)
FN:3874,(anonymous_256)
FN:3882,(anonymous_257)
FN:3893,(anonymous_258)
FN:3927,(anonymous_259)
FN:3947,(anonymous_260)
FN:3959,(anonymous_261)
FN:3974,(anonymous_262)
FN:3984,(anonymous_263)
FN:3991,(anonymous_264)
FN:4001,(anonymous_265)
FN:4012,(anonymous_266)
FN:4025,(anonymous_267)
FN:4036,(anonymous_268)
FN:4113,(anonymous_269)
FN:4152,(anonymous_270)
FN:4154,(anonymous_271)
FN:4159,(anonymous_272)
FN:4160,(anonymous_273)
FN:4167,(anonymous_274)
FN:4169,(anonymous_275)
FN:4174,(anonymous_276)
FN:4186,(anonymous_277)
FN:4214,(anonymous_278)
FN:4225,(anonymous_279)
FN:4236,(anonymous_280)
FNF:281
FNH:0
FNDA:0,(anonymous_0)
FNDA:0,(anonymous_1)
FNDA:0,(anonymous_2)
FNDA:0,(anonymous_3)
FNDA:0,(anonymous_4)
FNDA:0,(anonymous_5)
FNDA:0,(anonymous_6)
FNDA:0,(anonymous_7)
FNDA:0,(anonymous_8)
FNDA:0,(anonymous_9)
FNDA:0,(anonymous_10)
FNDA:0,(anonymous_11)
FNDA:0,(anonymous_12)
FNDA:0,(anonymous_13)
FNDA:0,(anonymous_14)
FNDA:0,(anonymous_15)
FNDA:0,(anonymous_16)
FNDA:0,(anonymous_17)
FNDA:0,(anonymous_18)
FNDA:0,(anonymous_19)
FNDA:0,(anonymous_20)
FNDA:0,(anonymous_21)
FNDA:0,(anonymous_22)
FNDA:0,(anonymous_23)
FNDA:0,(anonymous_24)
FNDA:0,(anonymous_25)
FNDA:0,(anonymous_26)
FNDA:0,(anonymous_27)
FNDA:0,(anonymous_28)
FNDA:0,(anonymous_29)
FNDA:0,(anonymous_30)
FNDA:0,(anonymous_31)
FNDA:0,(anonymous_32)
FNDA:0,(anonymous_33)
FNDA:0,(anonymous_34)
FNDA:0,(anonymous_35)
FNDA:0,(anonymous_36)
FNDA:0,(anonymous_37)
FNDA:0,(anonymous_38)
FNDA:0,(anonymous_39)
FNDA:0,(anonymous_40)
FNDA:0,(anonymous_41)
FNDA:0,(anonymous_42)
FNDA:0,(anonymous_43)
FNDA:0,(anonymous_44)
FNDA:0,(anonymous_45)
FNDA:0,(anonymous_46)
FNDA:0,(anonymous_47)
FNDA:0,(anonymous_48)
FNDA:0,(anonymous_49)
FNDA:0,(anonymous_50)
FNDA:0,(anonymous_51)
FNDA:0,(anonymous_52)
FNDA:0,(anonymous_53)
FNDA:0,(anonymous_54)
FNDA:0,(anonymous_55)
FNDA:0,(anonymous_56)
FNDA:0,(anonymous_57)
FNDA:0,(anonymous_58)
FNDA:0,(anonymous_59)
FNDA:0,(anonymous_60)
FNDA:0,(anonymous_61)
FNDA:0,(anonymous_62)
FNDA:0,(anonymous_63)
FNDA:0,(anonymous_64)
FNDA:0,(anonymous_65)
FNDA:0,(anonymous_66)
FNDA:0,(anonymous_67)
FNDA:0,(anonymous_68)
FNDA:0,(anonymous_69)
FNDA:0,(anonymous_70)
FNDA:0,(anonymous_71)
FNDA:0,(anonymous_72)
FNDA:0,(anonymous_73)
FNDA:0,(anonymous_74)
FNDA:0,(anonymous_75)
FNDA:0,(anonymous_76)
FNDA:0,(anonymous_77)
FNDA:0,(anonymous_78)
FNDA:0,(anonymous_79)
FNDA:0,(anonymous_80)
FNDA:0,(anonymous_81)
FNDA:0,(anonymous_82)
FNDA:0,(anonymous_83)
FNDA:0,(anonymous_84)
FNDA:0,(anonymous_85)
FNDA:0,(anonymous_86)
FNDA:0,(anonymous_87)
FNDA:0,(anonymous_88)
FNDA:0,(anonymous_89)
FNDA:0,(anonymous_90)
FNDA:0,(anonymous_91)
FNDA:0,(anonymous_92)
FNDA:0,(anonymous_93)
FNDA:0,(anonymous_94)
FNDA:0,(anonymous_95)
FNDA:0,(anonymous_96)
FNDA:0,(anonymous_97)
FNDA:0,(anonymous_98)
FNDA:0,(anonymous_99)
FNDA:0,(anonymous_100)
FNDA:0,(anonymous_101)
FNDA:0,(anonymous_102)
FNDA:0,(anonymous_103)
FNDA:0,(anonymous_104)
FNDA:0,(anonymous_105)
FNDA:0,(anonymous_106)
FNDA:0,(anonymous_107)
FNDA:0,(anonymous_108)
FNDA:0,(anonymous_109)
FNDA:0,(anonymous_110)
FNDA:0,(anonymous_111)
FNDA:0,(anonymous_112)
FNDA:0,(anonymous_113)
FNDA:0,(anonymous_114)
FNDA:0,(anonymous_115)
FNDA:0,(anonymous_116)
FNDA:0,(anonymous_117)
FNDA:0,(anonymous_118)
FNDA:0,(anonymous_119)
FNDA:0,(anonymous_120)
FNDA:0,(anonymous_121)
FNDA:0,(anonymous_122)
FNDA:0,(anonymous_123)
FNDA:0,(anonymous_124)
FNDA:0,(anonymous_125)
FNDA:0,(anonymous_126)
FNDA:0,(anonymous_127)
FNDA:0,(anonymous_128)
FNDA:0,(anonymous_129)
FNDA:0,(anonymous_130)
FNDA:0,(anonymous_131)
FNDA:0,(anonymous_132)
FNDA:0,(anonymous_133)
FNDA:0,(anonymous_134)
FNDA:0,(anonymous_135)
FNDA:0,(anonymous_136)
FNDA:0,(anonymous_137)
FNDA:0,(anonymous_138)
FNDA:0,(anonymous_139)
FNDA:0,(anonymous_140)
FNDA:0,(anonymous_141)
FNDA:0,(anonymous_142)
FNDA:0,(anonymous_143)
FNDA:0,(anonymous_144)
FNDA:0,(anonymous_145)
FNDA:0,(anonymous_146)
FNDA:0,(anonymous_147)
FNDA:0,(anonymous_148)
FNDA:0,(anonymous_149)
FNDA:0,(anonymous_150)
FNDA:0,(anonymous_151)
FNDA:0,(anonymous_152)
FNDA:0,(anonymous_153)
FNDA:0,(anonymous_154)
FNDA:0,(anonymous_155)
FNDA:0,(anonymous_156)
FNDA:0,(anonymous_157)
FNDA:0,(anonymous_158)
FNDA:0,(anonymous_159)
FNDA:0,(anonymous_160)
FNDA:0,(anonymous_161)
FNDA:0,(anonymous_162)
FNDA:0,(anonymous_163)
FNDA:0,(anonymous_164)
FNDA:0,(anonymous_165)
FNDA:0,(anonymous_166)
FNDA:0,(anonymous_167)
FNDA:0,(anonymous_168)
FNDA:0,(anonymous_169)
FNDA:0,(anonymous_170)
FNDA:0,(anonymous_171)
FNDA:0,(anonymous_172)
FNDA:0,(anonymous_173)
FNDA:0,(anonymous_174)
FNDA:0,(anonymous_175)
FNDA:0,(anonymous_176)
FNDA:0,(anonymous_177)
FNDA:0,(anonymous_178)
FNDA:0,(anonymous_179)
FNDA:0,(anonymous_180)
FNDA:0,(anonymous_181)
FNDA:0,(anonymous_182)
FNDA:0,(anonymous_183)
FNDA:0,(anonymous_184)
FNDA:0,(anonymous_185)
FNDA:0,(anonymous_186)
FNDA:0,(anonymous_187)
FNDA:0,(anonymous_188)
FNDA:0,(anonymous_189)
FNDA:0,(anonymous_190)
FNDA:0,(anonymous_191)
FNDA:0,(anonymous_192)
FNDA:0,(anonymous_193)
FNDA:0,(anonymous_194)
FNDA:0,(anonymous_195)
FNDA:0,(anonymous_196)
FNDA:0,(anonymous_197)
FNDA:0,(anonymous_198)
FNDA:0,(anonymous_199)
FNDA:0,(anonymous_200)
FNDA:0,(anonymous_201)
FNDA:0,(anonymous_202)
FNDA:0,(anonymous_203)
FNDA:0,(anonymous_204)
FNDA:0,(anonymous_205)
FNDA:0,(anonymous_206)
FNDA:0,(anonymous_207)
FNDA:0,(anonymous_208)
FNDA:0,(anonymous_209)
FNDA:0,(anonymous_210)
FNDA:0,(anonymous_211)
FNDA:0,(anonymous_212)
FNDA:0,(anonymous_213)
FNDA:0,(anonymous_214)
FNDA:0,(anonymous_215)
FNDA:0,(anonymous_216)
FNDA:0,(anonymous_217)
FNDA:0,(anonymous_218)
FNDA:0,(anonymous_219)
FNDA:0,(anonymous_220)
FNDA:0,(anonymous_221)
FNDA:0,(anonymous_222)
FNDA:0,(anonymous_223)
FNDA:0,(anonymous_224)
FNDA:0,(anonymous_225)
FNDA:0,(anonymous_226)
FNDA:0,(anonymous_227)
FNDA:0,(anonymous_228)
FNDA:0,(anonymous_229)
FNDA:0,(anonymous_230)
FNDA:0,(anonymous_231)
FNDA:0,(anonymous_232)
FNDA:0,(anonymous_233)
FNDA:0,(anonymous_234)
FNDA:0,(anonymous_235)
FNDA:0,(anonymous_236)
FNDA:0,(anonymous_237)
FNDA:0,(anonymous_238)
FNDA:0,(anonymous_239)
FNDA:0,(anonymous_240)
FNDA:0,(anonymous_241)
FNDA:0,(anonymous_242)
FNDA:0,(anonymous_243)
FNDA:0,(anonymous_244)
FNDA:0,(anonymous_245)
FNDA:0,(anonymous_246)
FNDA:0,(anonymous_247)
FNDA:0,(anonymous_248)
FNDA:0,(anonymous_249)
FNDA:0,(anonymous_250)
FNDA:0,(anonymous_251)
FNDA:0,(anonymous_252)
FNDA:0,(anonymous_253)
FNDA:0,(anonymous_254)
FNDA:0,(anonymous_255)
FNDA:0,(anonymous_256)
FNDA:0,(anonymous_257)
FNDA:0,(anonymous_258)
FNDA:0,(anonymous_259)
FNDA:0,(anonymous_260)
FNDA:0,(anonymous_261)
FNDA:0,(anonymous_262)
FNDA:0,(anonymous_263)
FNDA:0,(anonymous_264)
FNDA:0,(anonymous_265)
FNDA:0,(anonymous_266)
FNDA:0,(anonymous_267)
FNDA:0,(anonymous_268)
FNDA:0,(anonymous_269)
FNDA:0,(anonymous_270)
FNDA:0,(anonymous_271)
FNDA:0,(anonymous_272)
FNDA:0,(anonymous_273)
FNDA:0,(anonymous_274)
FNDA:0,(anonymous_275)
FNDA:0,(anonymous_276)
FNDA:0,(anonymous_277)
FNDA:0,(anonymous_278)
FNDA:0,(anonymous_279)
FNDA:0,(anonymous_280)
DA:3,0
DA:4,0
DA:5,0
DA:6,0
DA:7,0
DA:8,0
DA:9,0
DA:10,0
DA:13,0
DA:14,0
DA:16,0
DA:17,0
DA:21,0
DA:22,0
DA:24,0
DA:25,0
DA:28,0
DA:29,0
DA:31,0
DA:32,0
DA:35,0
DA:36,0
DA:37,0
DA:38,0
DA:39,0
DA:41,0
DA:42,0
DA:44,0
DA:45,0
DA:48,0
DA:49,0
DA:51,0
DA:52,0
DA:55,0
DA:56,0
DA:59,0
DA:60,0
DA:62,0
DA:63,0
DA:66,0
DA:67,0
DA:69,0
DA:70,0
DA:73,0
DA:74,0
DA:76,0
DA:77,0
DA:81,0
DA:82,0
DA:86,0
DA:90,0
DA:93,0
DA:105,0
DA:111,0
DA:113,0
DA:132,0
DA:138,0
DA:140,0
DA:146,0
DA:149,0
DA:150,0
DA:151,0
DA:152,0
DA:155,0
DA:161,0
DA:171,0
DA:175,0
DA:182,0
DA:184,0
DA:196,0
DA:207,0
DA:209,0
DA:218,0
DA:232,0
DA:234,0
DA:243,0
DA:244,0
DA:245,0
DA:246,0
DA:247,0
DA:248,0
DA:249,0
DA:250,0
DA:251,0
DA:252,0
DA:253,0
DA:254,0
DA:255,0
DA:256,0
DA:257,0
DA:260,0
DA:261,0
DA:262,0
DA:263,0
DA:264,0
DA:265,0
DA:266,0
DA:269,0
DA:270,0
DA:271,0
DA:272,0
DA:273,0
DA:274,0
DA:275,0
DA:276,0
DA:279,0
DA:280,0
DA:281,0
DA:282,0
DA:283,0
DA:284,0
DA:285,0
DA:286,0
DA:287,0
DA:288,0
DA:289,0
DA:290,0
DA:291,0
DA:294,0
DA:299,0
DA:302,0
DA:305,0
DA:306,0
DA:307,0
DA:310,0
DA:311,0
DA:314,0
DA:315,0
DA:316,0
DA:317,0
DA:320,0
DA:321,0
DA:322,0
DA:325,0
DA:326,0
DA:327,0
DA:335,0
DA:336,0
DA:340,0
DA:341,0
DA:345,0
DA:346,0
DA:348,0
DA:349,0
DA:350,0
DA:355,0
DA:356,0
DA:357,0
DA:362,0
DA:363,0
DA:364,0
DA:365,0
DA:366,0
DA:367,0
DA:368,0
DA:371,0
DA:373,0
DA:374,0
DA:376,0
DA:377,0
DA:380,0
DA:381,0
DA:382,0
DA:383,0
DA:384,0
DA:385,0
DA:386,0
DA:387,0
DA:389,0
DA:391,0
DA:393,0
DA:394,0
DA:397,0
DA:398,0
DA:399,0
DA:402,0
DA:403,0
DA:406,0
DA:407,0
DA:408,0
DA:411,0
DA:412,0
DA:415,0
DA:416,0
DA:417,0
DA:420,0
DA:421,0
DA:437,0
DA:438,0
DA:441,0
DA:442,0
DA:444,0
DA:445,0
DA:446,0
DA:447,0
DA:449,0
DA:450,0
DA:451,0
DA:453,0
DA:455,0
DA:456,0
DA:457,0
DA:458,0
DA:460,0
DA:463,0
DA:464,0
DA:465,0
DA:466,0
DA:468,0
DA:470,0
DA:471,0
DA:474,0
DA:477,0
DA:481,0
DA:482,0
DA:486,0
DA:487,0
DA:490,0
DA:491,0
DA:493,0
DA:498,0
DA:499,0
DA:504,0
DA:506,0
DA:507,0
DA:510,0
DA:511,0
DA:514,0
DA:515,0
DA:516,0
DA:518,0
DA:519,0
DA:524,0
DA:525,0
DA:527,0
DA:528,0
DA:531,0
DA:532,0
DA:534,0
DA:535,0
DA:536,0
DA:538,0
DA:539,0
DA:541,0
DA:542,0
DA:544,0
DA:545,0
DA:549,0
DA:550,0
DA:554,0
DA:556,0
DA:557,0
DA:560,0
DA:563,0
DA:564,0
DA:565,0
DA:566,0
DA:567,0
DA:568,0
DA:570,0
DA:576,0
DA:577,0
DA:579,0
DA:580,0
DA:583,0
DA:584,0
DA:586,0
DA:587,0
DA:589,0
DA:590,0
DA:593,0
DA:595,0
DA:596,0
DA:599,0
DA:602,0
DA:603,0
DA:605,0
DA:611,0
DA:612,0
DA:614,0
DA:615,0
DA:617,0
DA:618,0
DA:621,0
DA:624,0
DA:629,0
DA:630,0
DA:631,0
DA:632,0
DA:633,0
DA:638,0
DA:639,0
DA:640,0
DA:641,0
DA:642,0
DA:647,0
DA:648,0
DA:649,0
DA:650,0
DA:654,0
DA:655,0
DA:656,0
DA:657,0
DA:658,0
DA:662,0
DA:663,0
DA:664,0
DA:668,0
DA:669,0
DA:673,0
DA:677,0
DA:678,0
DA:679,0
DA:683,0
DA:684,0
DA:685,0
DA:689,0
DA:690,0
DA:691,0
DA:695,0
DA:696,0
DA:700,0
DA:701,0
DA:702,0
DA:705,0
DA:706,0
DA:708,0
DA:709,0
DA:710,0
DA:711,0
DA:712,0
DA:713,0
DA:715,0
DA:717,0
DA:720,0
DA:725,0
DA:726,0
DA:729,0
DA:730,0
DA:734,0
DA:737,0
DA:740,0
DA:742,0
DA:743,0
DA:744,0
DA:745,0
DA:746,0
DA:747,0
DA:748,0
DA:749,0
DA:750,0
DA:751,0
DA:752,0
DA:753,0
DA:754,0
DA:755,0
DA:756,0
DA:757,0
DA:758,0
DA:759,0
DA:760,0
DA:761,0
DA:762,0
DA:766,0
DA:767,0
DA:768,0
DA:769,0
DA:772,0
DA:773,0
DA:774,0
DA:775,0
DA:776,0
DA:777,0
DA:778,0
DA:779,0
DA:780,0
DA:787,0
DA:788,0
DA:792,0
DA:793,0
DA:797,0
DA:798,0
DA:800,0
DA:801,0
DA:805,0
DA:806,0
DA:807,0
DA:810,0
DA:813,0
DA:816,0
DA:819,0
DA:823,0
DA:824,0
DA:825,0
DA:828,0
DA:829,0
DA:833,0
DA:834,0
DA:840,0
DA:843,0
DA:864,0
DA:867,0
DA:868,0
DA:869,0
DA:870,0
DA:876,0
DA:878,0
DA:879,0
DA:880,0
DA:883,0
DA:884,0
DA:885,0
DA:887,0
DA:888,0
DA:891,0
DA:895,0
DA:897,0
DA:898,0
DA:899,0
DA:903,0
DA:904,0
DA:907,0
DA:911,0
DA:914,0
DA:915,0
DA:918,0
DA:922,0
DA:924,0
DA:925,0
DA:928,0
DA:930,0
DA:931,0
DA:935,0
DA:936,0
DA:937,0
DA:940,0
DA:947,0
DA:948,0
DA:952,0
DA:953,0
DA:954,0
DA:957,0
DA:958,0
DA:961,0
DA:963,0
DA:964,0
DA:966,0
DA:967,0
DA:968,0
DA:969,0
DA:970,0
DA:971,0
DA:973,0
DA:975,0
DA:978,0
DA:983,0
DA:984,0
DA:987,0
DA:988,0
DA:992,0
DA:994,0
DA:995,0
DA:996,0
DA:997,0
DA:1000,0
DA:1003,0
DA:1004,0
DA:1006,0
DA:1010,0
DA:1013,0
DA:1014,0
DA:1015,0
DA:1019,0
DA:1021,0
DA:1025,0
DA:1027,0
DA:1028,0
DA:1029,0
DA:1035,0
DA:1036,0
DA:1047,0
DA:1048,0
DA:1053,0
DA:1056,0
DA:1059,0
DA:1060,0
DA:1076,0
DA:1079,0
DA:1082,0
DA:1085,0
DA:1088,0
DA:1093,0
DA:1094,0
DA:1095,0
DA:1097,0
DA:1098,0
DA:1104,0
DA:1105,0
DA:1106,0
DA:1111,0
DA:1112,0
DA:1113,0
DA:1118,0
DA:1119,0
DA:1120,0
DA:1128,0
DA:1129,0
DA:1130,0
DA:1133,0
DA:1143,0
DA:1144,0
DA:1145,0
DA:1151,0
DA:1152,0
DA:1153,0
DA:1157,0
DA:1160,0
DA:1163,0
DA:1166,0
DA:1170,0
DA:1171,0
DA:1187,0
DA:1192,0
DA:1194,0
DA:1195,0
DA:1196,0
DA:1213,0
DA:1214,0
DA:1215,0
DA:1232,0
DA:1233,0
DA:1234,0
DA:1251,0
DA:1255,0
DA:1257,0
DA:1258,0
DA:1259,0
DA:1261,0
DA:1262,0
DA:1263,0
DA:1265,0
DA:1276,0
DA:1293,0
DA:1295,0
DA:1296,0
DA:1314,0
DA:1315,0
DA:1318,0
DA:1319,0
DA:1320,0
DA:1325,0
DA:1326,0
DA:1327,0
DA:1330,0
DA:1331,0
DA:1332,0
DA:1334,0
DA:1337,0
DA:1338,0
DA:1339,0
DA:1342,0
DA:1371,0
DA:1391,0
DA:1431,0
DA:1432,0
DA:1433,0
DA:1435,0
DA:1436,0
DA:1438,0
DA:1439,0
DA:1440,0
DA:1441,0
DA:1442,0
DA:1443,0
DA:1445,0
DA:1446,0
DA:1447,0
DA:1448,0
DA:1449,0
DA:1455,0
DA:1456,0
DA:1458,0
DA:1459,0
DA:1460,0
DA:1461,0
DA:1463,0
DA:1465,0
DA:1466,0
DA:1472,0
DA:1473,0
DA:1475,0
DA:1476,0
DA:1478,0
DA:1479,0
DA:1480,0
DA:1483,0
DA:1484,0
DA:1485,0
DA:1491,0
DA:1493,0
DA:1494,0
DA:1496,0
DA:1499,0
DA:1500,0
DA:1502,0
DA:1503,0
DA:1505,0
DA:1506,0
DA:1508,0
DA:1513,0
DA:1521,0
DA:1525,0
DA:1526,0
DA:1530,0
DA:1531,0
DA:1533,0
DA:1534,0
DA:1535,0
DA:1536,0
DA:1537,0
DA:1539,0
DA:1544,0
DA:1545,0
DA:1546,0
DA:1548,0
DA:1549,0
DA:1550,0
DA:1551,0
DA:1553,0
DA:1554,0
DA:1555,0
DA:1556,0
DA:1557,0
DA:1558,0
DA:1560,0
DA:1562,0
DA:1563,0
DA:1564,0
DA:1565,0
DA:1566,0
DA:1568,0
DA:1575,0
DA:1577,0
DA:1580,0
DA:1581,0
DA:1582,0
DA:1585,0
DA:1586,0
DA:1587,0
DA:1590,0
DA:1591,0
DA:1592,0
DA:1595,0
DA:1596,0
DA:1597,0
DA:1601,0
DA:1602,0
DA:1603,0
DA:1604,0
DA:1605,0
DA:1610,0
DA:1611,0
DA:1612,0
DA:1613,0
DA:1614,0
DA:1619,0
DA:1623,0
DA:1625,0
DA:1628,0
DA:1629,0
DA:1630,0
DA:1632,0
DA:1635,0
DA:1645,0
DA:1649,0
DA:1651,0
DA:1652,0
DA:1670,0
DA:1671,0
DA:1674,0
DA:1676,0
DA:1677,0
DA:1680,0
DA:1682,0
DA:1683,0
DA:1687,0
DA:1690,0
DA:1691,0
DA:1692,0
DA:1693,0
DA:1695,0
DA:1698,0
DA:1700,0
DA:1702,0
DA:1704,0
DA:1705,0
DA:1706,0
DA:1709,0
DA:1711,0
DA:1712,0
DA:1713,0
DA:1716,0
DA:1718,0
DA:1719,0
DA:1722,0
DA:1723,0
DA:1732,0
DA:1733,0
DA:1736,0
DA:1740,0
DA:1741,0
DA:1746,0
DA:1749,0
DA:1752,0
DA:1754,0
DA:1755,0
DA:1756,0
DA:1759,0
DA:1760,0
DA:1761,0
DA:1764,0
DA:1765,0
DA:1766,0
DA:1772,0
DA:1773,0
DA:1774,0
DA:1775,0
DA:1777,0
DA:1783,0
DA:1784,0
DA:1787,0
DA:1790,0
DA:1791,0
DA:1792,0
DA:1793,0
DA:1796,0
DA:1797,0
DA:1798,0
DA:1799,0
DA:1800,0
DA:1801,0
DA:1802,0
DA:1803,0
DA:1804,0
DA:1809,0
DA:1810,0
DA:1812,0
DA:1853,0
DA:1854,0
DA:1855,0
DA:1857,0
DA:1859,0
DA:1881,0
DA:1882,0
DA:1883,0
DA:1896,0
DA:1903,0
DA:1904,0
DA:1906,0
DA:1907,0
DA:1908,0
DA:1909,0
DA:1911,0
DA:1915,0
DA:1919,0
DA:1921,0
DA:1922,0
DA:1925,0
DA:1926,0
DA:1930,0
DA:1931,0
DA:1932,0
DA:1935,0
DA:1939,0
DA:1947,0
DA:1951,0
DA:1952,0
DA:1953,0
DA:1954,0
DA:1955,0
DA:1960,0
DA:1963,0
DA:1966,0
DA:1970,0
DA:1972,0
DA:1976,0
DA:1980,0
DA:1981,0
DA:1982,0
DA:1983,0
DA:1986,0
DA:1987,0
DA:1989,0
DA:1990,0
DA:1991,0
DA:1992,0
DA:1995,0
DA:1996,0
DA:1998,0
DA:2001,0
DA:2002,0
DA:2004,0
DA:2005,0
DA:2008,0
DA:2009,0
DA:2010,0
DA:2011,0
DA:2012,0
DA:2013,0
DA:2015,0
DA:2017,0
DA:2023,0
DA:2024,0
DA:2027,0
DA:2032,0
DA:2033,0
DA:2034,0
DA:2037,0
DA:2042,0
DA:2045,0
DA:2048,0
DA:2049,0
DA:2050,0
DA:2052,0
DA:2057,0
DA:2060,0
DA:2061,0
DA:2065,0
DA:2066,0
DA:2069,0
DA:2070,0
DA:2073,0
DA:2074,0
DA:2077,0
DA:2082,0
DA:2086,0
DA:2087,0
DA:2088,0
DA:2089,0
DA:2102,0
DA:2103,0
DA:2104,0
DA:2110,0
DA:2115,0
DA:2119,0
DA:2120,0
DA:2121,0
DA:2124,0
DA:2202,0
DA:2203,0
DA:2204,0
DA:2209,0
DA:2210,0
DA:2212,0
DA:2213,0
DA:2214,0
DA:2216,0
DA:2217,0
DA:2222,0
DA:2223,0
DA:2224,0
DA:2227,0
DA:2228,0
DA:2230,0
DA:2302,0
DA:2303,0
DA:2304,0
DA:2309,0
DA:2310,0
DA:2311,0
DA:2312,0
DA:2313,0
DA:2315,0
DA:2318,0
DA:2319,0
DA:2320,0
DA:2321,0
DA:2324,0
DA:2325,0
DA:2326,0
DA:2328,0
DA:2332,0
DA:2387,0
DA:2388,0
DA:2389,0
DA:2392,0
DA:2393,0
DA:2394,0
DA:2395,0
DA:2398,0
DA:2399,0
DA:2400,0
DA:2409,0
DA:2412,0
DA:2413,0
DA:2414,0
DA:2417,0
DA:2418,0
DA:2419,0
DA:2422,0
DA:2423,0
DA:2424,0
DA:2427,0
DA:2428,0
DA:2429,0
DA:2433,0
DA:2434,0
DA:2435,0
DA:2436,0
DA:2437,0
DA:2438,0
DA:2444,0
DA:2445,0
DA:2446,0
DA:2447,0
DA:2448,0
DA:2449,0
DA:2454,0
DA:2460,0
DA:2461,0
DA:2462,0
DA:2480,0
DA:2481,0
DA:2614,0
DA:2615,0
DA:2618,0
DA:2619,0
DA:2620,0
DA:2625,0
DA:2630,0
DA:2631,0
DA:2632,0
DA:2634,0
DA:2639,0
DA:2640,0
DA:2642,0
DA:2643,0
DA:2644,0
DA:2647,0
DA:2648,0
DA:2649,0
DA:2654,0
DA:2655,0
DA:2656,0
DA:2662,0
DA:2663,0
DA:2664,0
DA:2669,0
DA:2672,0
DA:2673,0
DA:2674,0
DA:2675,0
DA:2676,0
DA:2683,0
DA:2684,0
DA:2686,0
DA:2687,0
DA:2689,0
DA:2695,0
DA:2696,0
DA:2698,0
DA:2699,0
DA:2701,0
DA:2707,0
DA:2708,0
DA:2710,0
DA:2711,0
DA:2713,0
DA:2719,0
DA:2720,0
DA:2722,0
DA:2723,0
DA:2725,0
DA:2731,0
DA:2732,0
DA:2733,0
DA:2736,0
DA:2737,0
DA:2738,0
DA:2744,0
DA:2747,0
DA:2748,0
DA:2749,0
DA:2750,0
DA:2755,0
DA:2756,0
DA:2757,0
DA:2758,0
DA:2759,0
DA:2760,0
DA:2762,0
DA:2766,0
DA:2769,0
DA:2770,0
DA:2771,0
DA:2772,0
DA:2777,0
DA:2778,0
DA:2779,0
DA:2781,0
DA:2782,0
DA:2784,0
DA:2785,0
DA:2787,0
DA:2792,0
DA:2801,0
DA:2802,0
DA:2804,0
DA:2805,0
DA:2807,0
DA:2808,0
DA:2811,0
DA:2815,0
DA:2816,0
DA:2817,0
DA:2820,0
DA:2821,0
DA:2824,0
DA:2825,0
DA:2826,0
DA:2827,0
DA:2830,0
DA:2831,0
DA:2832,0
DA:2833,0
DA:2834,0
DA:2835,0
DA:2838,0
DA:2839,0
DA:2840,0
DA:2842,0
DA:2844,0
DA:2847,0
DA:2849,0
DA:2853,0
DA:2855,0
DA:2861,0
DA:2862,0
DA:2865,0
DA:2922,0
DA:2923,0
DA:2924,0
DA:2925,0
DA:2928,0
DA:2931,0
DA:2932,0
DA:2933,0
DA:2936,0
DA:2939,0
DA:2943,0
DA:2949,0
DA:2950,0
DA:2951,0
DA:2953,0
DA:2979,0
DA:2985,0
DA:2986,0
DA:2987,0
DA:2988,0
DA:2991,0
DA:2992,0
DA:2993,0
DA:3004,0
DA:3026,0
DA:3036,0
DA:3041,0
DA:3045,0
DA:3047,0
DA:3051,0
DA:3058,0
DA:3059,0
DA:3060,0
DA:3066,0
DA:3067,0
DA:3069,0
DA:3073,0
DA:3074,0
DA:3075,0
DA:3079,0
DA:3083,0
DA:3084,0
DA:3086,0
DA:3089,0
DA:3091,0
DA:3092,0
DA:3096,0
DA:3097,0
DA:3100,0
DA:3101,0
DA:3104,0
DA:3105,0
DA:3106,0
DA:3108,0
DA:3109,0
DA:3110,0
DA:3111,0
DA:3114,0
DA:3115,0
DA:3116,0
DA:3117,0
DA:3122,0
DA:3123,0
DA:3124,0
DA:3126,0
DA:3127,0
DA:3128,0
DA:3129,0
DA:3130,0
DA:3135,0
DA:3136,0
DA:3137,0
DA:3139,0
DA:3140,0
DA:3141,0
DA:3142,0
DA:3143,0
DA:3147,0
DA:3148,0
DA:3150,0
DA:3154,0
DA:3160,0
DA:3164,0
DA:3165,0
DA:3168,0
DA:3172,0
DA:3173,0
DA:3176,0
DA:3178,0
DA:3179,0
DA:3180,0
DA:3181,0
DA:3182,0
DA:3183,0
DA:3184,0
DA:3185,0
DA:3186,0
DA:3188,0
DA:3192,0
DA:3195,0
DA:3196,0
DA:3197,0
DA:3198,0
DA:3199,0
DA:3202,0
DA:3203,0
DA:3204,0
DA:3205,0
DA:3206,0
DA:3207,0
DA:3208,0
DA:3209,0
DA:3213,0
DA:3217,0
DA:3218,0
DA:3219,0
DA:3220,0
DA:3221,0
DA:3223,0
DA:3227,0
DA:3228,0
DA:3229,0
DA:3232,0
DA:3234,0
DA:3238,0
DA:3239,0
DA:3244,0
DA:3248,0
DA:3249,0
DA:3252,0
DA:3253,0
DA:3256,0
DA:3257,0
DA:3258,0
DA:3259,0
DA:3263,0
DA:3264,0
DA:3265,0
DA:3269,0
DA:3270,0
DA:3271,0
DA:3273,0
DA:3274,0
DA:3278,0
DA:3279,0
DA:3280,0
DA:3283,0
DA:3284,0
DA:3287,0
DA:3288,0
DA:3293,0
DA:3294,0
DA:3296,0
DA:3297,0
DA:3298,0
DA:3301,0
DA:3302,0
DA:3305,0
DA:3308,0
DA:3309,0
DA:3310,0
DA:3311,0
DA:3313,0
DA:3319,0
DA:3322,0
DA:3323,0
DA:3324,0
DA:3325,0
DA:3326,0
DA:3327,0
DA:3333,0
DA:3335,0
DA:3338,0
DA:3341,0
DA:3342,0
DA:3343,0
DA:3344,0
DA:3348,0
DA:3351,0
DA:3354,0
DA:3356,0
DA:3361,0
DA:3384,0
DA:3385,0
DA:3386,0
DA:3391,0
DA:3393,0
DA:3398,0
DA:3401,0
DA:3403,0
DA:3423,0
DA:3424,0
DA:3425,0
DA:3426,0
DA:3427,0
DA:3428,0
DA:3429,0
DA:3430,0
DA:3431,0
DA:3435,0
DA:3439,0
DA:3443,0
DA:3444,0
DA:3445,0
DA:3450,0
DA:3451,0
DA:3452,0
DA:3455,0
DA:3458,0
DA:3461,0
DA:3464,0
DA:3469,0
DA:3470,0
DA:3471,0
DA:3472,0
DA:3473,0
DA:3491,0
DA:3495,0
DA:3496,0
DA:3499,0
DA:3500,0
DA:3504,0
DA:3508,0
DA:3509,0
DA:3510,0
DA:3514,0
DA:3520,0
DA:3521,0
DA:3522,0
DA:3523,0
DA:3524,0
DA:3525,0
DA:3526,0
DA:3527,0
DA:3528,0
DA:3530,0
DA:3535,0
DA:3536,0
DA:3537,0
DA:3542,0
DA:3543,0
DA:3549,0
DA:3561,0
DA:3566,0
DA:3567,0
DA:3568,0
DA:3569,0
DA:3570,0
DA:3601,0
DA:3605,0
DA:3606,0
DA:3607,0
DA:3611,0
DA:3612,0
DA:3613,0
DA:3614,0
DA:3617,0
DA:3619,0
DA:3621,0
DA:3622,0
DA:3623,0
DA:3624,0
DA:3626,0
DA:3629,0
DA:3630,0
DA:3634,0
DA:3635,0
DA:3636,0
DA:3638,0
DA:3639,0
DA:3643,0
DA:3646,0
DA:3647,0
DA:3648,0
DA:3651,0
DA:3653,0
DA:3654,0
DA:3660,0
DA:3661,0
DA:3665,0
DA:3669,0
DA:3670,0
DA:3671,0
DA:3684,0
DA:3686,0
DA:3687,0
DA:3691,0
DA:3692,0
DA:3693,0
DA:3695,0
DA:3696,0
DA:3702,0
DA:3704,0
DA:3705,0
DA:3712,0
DA:3716,0
DA:3718,0
DA:3719,0
DA:3726,0
DA:3730,0
DA:3731,0
DA:3733,0
DA:3734,0
DA:3735,0
DA:3736,0
DA:3737,0
DA:3738,0
DA:3743,0
DA:3744,0
DA:3751,0
DA:3752,0
DA:3759,0
DA:3765,0
DA:3769,0
DA:3770,0
DA:3773,0
DA:3775,0
DA:3783,0
DA:3791,0
DA:3807,0
DA:3809,0
DA:3810,0
DA:3816,0
DA:3817,0
DA:3824,0
DA:3832,0
DA:3833,0
DA:3835,0
DA:3837,0
DA:3838,0
DA:3839,0
DA:3846,0
DA:3849,0
DA:3862,0
DA:3867,0
DA:3874,0
DA:3875,0
DA:3876,0
DA:3877,0
DA:3883,0
DA:3884,0
DA:3885,0
DA:3894,0
DA:3895,0
DA:3898,0
DA:3900,0
DA:3901,0
DA:3903,0
DA:3927,0
DA:3943,0
DA:3948,0
DA:3950,0
DA:3951,0
DA:3952,0
DA:3953,0
DA:3956,0
DA:3960,0
DA:3975,0
DA:3976,0
DA:3978,0
DA:3979,0
DA:3981,0
DA:3984,0
DA:3991,0
DA:4001,0
DA:4013,0
DA:4025,0
DA:4037,0
DA:4038,0
DA:4041,0
DA:4042,0
DA:4053,0
DA:4064,0
DA:4076,0
DA:4087,0
DA:4098,0
DA:4110,0
DA:4114,0
DA:4115,0
DA:4117,0
DA:4118,0
DA:4123,0
DA:4128,0
DA:4133,0
DA:4138,0
DA:4143,0
DA:4149,0
DA:4154,0
DA:4155,0
DA:4159,0
DA:4160,0
DA:4161,0
DA:4162,0
DA:4169,0
DA:4170,0
DA:4174,0
DA:4175,0
DA:4179,0
DA:4180,0
DA:4182,0
DA:4183,0
DA:4187,0
DA:4188,0
DA:4189,0
DA:4190,0
DA:4191,0
DA:4192,0
DA:4193,0
DA:4194,0
DA:4195,0
DA:4196,0
DA:4197,0
DA:4198,0
DA:4199,0
DA:4200,0
DA:4203,0
DA:4204,0
DA:4206,0
DA:4207,0
DA:4214,0
DA:4215,0
DA:4217,0
DA:4218,0
DA:4219,0
DA:4220,0
DA:4225,0
DA:4226,0
DA:4228,0
DA:4229,0
DA:4230,0
DA:4231,0
DA:4236,0
DA:4237,0
DA:4238,0
DA:4239,0
DA:4241,0
DA:4243,0
DA:4244,0
DA:4245,0
DA:4246,0
LF:1479
LH:0
BRDA:81,0,0,0
BRDA:81,0,1,0
BRDA:150,1,0,0
BRDA:150,1,1,0
BRDA:155,2,0,0
BRDA:155,2,1,0
BRDA:171,3,0,0
BRDA:171,3,1,0
BRDA:171,4,0,0
BRDA:171,4,1,0
BRDA:188,5,0,0
BRDA:188,5,1,0
BRDA:326,6,0,0
BRDA:326,6,1,0
BRDA:349,7,0,0
BRDA:349,7,1,0
BRDA:356,8,0,0
BRDA:356,8,1,0
BRDA:371,9,0,0
BRDA:371,9,1,0
BRDA:382,10,0,0
BRDA:382,10,1,0
BRDA:382,11,0,0
BRDA:382,11,1,0
BRDA:384,12,0,0
BRDA:384,12,1,0
BRDA:384,13,0,0
BRDA:384,13,1,0
BRDA:386,14,0,0
BRDA:386,14,1,0
BRDA:386,15,0,0
BRDA:386,15,1,0
BRDA:389,16,0,0
BRDA:389,16,1,0
BRDA:397,17,0,0
BRDA:397,17,1,0
BRDA:406,18,0,0
BRDA:406,18,1,0
BRDA:420,19,0,0
BRDA:420,19,1,0
BRDA:444,20,0,0
BRDA:444,20,1,0
BRDA:446,21,0,0
BRDA:446,21,1,0
BRDA:455,22,0,0
BRDA:455,22,1,0
BRDA:463,23,0,0
BRDA:463,23,1,0
BRDA:463,24,0,0
BRDA:463,24,1,0
BRDA:506,25,0,0
BRDA:506,25,1,0
BRDA:510,26,0,0
BRDA:510,26,1,0
BRDA:518,27,0,0
BRDA:518,27,1,0
BRDA:518,28,0,0
BRDA:518,28,1,0
BRDA:527,29,0,0
BRDA:527,29,1,0
BRDA:549,30,0,0
BRDA:549,30,1,0
BRDA:556,31,0,0
BRDA:556,31,1,0
BRDA:563,32,0,0
BRDA:563,32,1,0
BRDA:565,33,0,0
BRDA:565,33,1,0
BRDA:567,34,0,0
BRDA:567,34,1,0
BRDA:579,35,0,0
BRDA:579,35,1,0
BRDA:589,36,0,0
BRDA:589,36,1,0
BRDA:589,37,0,0
BRDA:589,37,1,0
BRDA:595,38,0,0
BRDA:595,38,1,0
BRDA:602,39,0,0
BRDA:602,39,1,0
BRDA:617,40,0,0
BRDA:617,40,1,0
BRDA:649,41,0,0
BRDA:649,41,1,0
BRDA:654,42,0,0
BRDA:654,42,1,0
BRDA:701,43,0,0
BRDA:701,43,1,0
BRDA:725,44,0,0
BRDA:725,44,1,0
BRDA:742,45,0,0
BRDA:742,45,1,0
BRDA:747,46,0,0
BRDA:747,46,1,0
BRDA:753,47,0,0
BRDA:753,47,1,0
BRDA:758,48,0,0
BRDA:758,48,1,0
BRDA:772,49,0,0
BRDA:772,49,1,0
BRDA:773,50,0,0
BRDA:773,50,1,0
BRDA:773,51,0,0
BRDA:773,51,1,0
BRDA:775,52,0,0
BRDA:775,52,1,0
BRDA:775,53,0,0
BRDA:775,53,1,0
BRDA:777,54,0,0
BRDA:777,54,1,0
BRDA:777,55,0,0
BRDA:777,55,1,0
BRDA:779,56,0,0
BRDA:779,56,1,0
BRDA:800,57,0,0
BRDA:800,57,1,0
BRDA:801,58,0,0
BRDA:801,58,1,0
BRDA:833,59,0,0
BRDA:833,59,1,0
BRDA:878,60,0,0
BRDA:878,60,1,0
BRDA:883,61,0,0
BRDA:883,61,1,0
BRDA:895,62,0,0
BRDA:895,62,1,0
BRDA:922,63,0,0
BRDA:922,63,1,0
BRDA:922,64,0,0
BRDA:922,64,1,0
BRDA:931,65,0,0
BRDA:931,65,1,0
BRDA:935,66,0,0
BRDA:935,66,1,0
BRDA:953,67,0,0
BRDA:953,67,1,0
BRDA:953,68,0,0
BRDA:953,68,1,0
BRDA:983,69,0,0
BRDA:983,69,1,0
BRDA:1013,70,0,0
BRDA:1013,70,1,0
BRDA:1013,71,0,0
BRDA:1013,71,1,0
BRDA:1027,72,0,0
BRDA:1027,72,1,0
BRDA:1035,73,0,0
BRDA:1035,73,1,0
BRDA:1059,74,0,0
BRDA:1059,74,1,0
BRDA:1093,75,0,0
BRDA:1093,75,1,0
BRDA:1094,76,0,0
BRDA:1094,76,1,0
BRDA:1095,77,0,0
BRDA:1095,77,1,0
BRDA:1104,78,0,0
BRDA:1104,78,1,0
BRDA:1104,79,0,0
BRDA:1104,79,1,0
BRDA:1111,80,0,0
BRDA:1111,80,1,0
BRDA:1111,81,0,0
BRDA:1111,81,1,0
BRDA:1118,82,0,0
BRDA:1118,82,1,0
BRDA:1118,83,0,0
BRDA:1118,83,1,0
BRDA:1129,84,0,0
BRDA:1129,84,1,0
BRDA:1144,85,0,0
BRDA:1144,85,1,0
BRDA:1152,86,0,0
BRDA:1152,86,1,0
BRDA:1170,87,0,0
BRDA:1170,87,1,0
BRDA:1170,88,0,0
BRDA:1170,88,1,0
BRDA:1194,89,0,0
BRDA:1194,89,1,0
BRDA:1200,90,0,0
BRDA:1200,90,1,0
BRDA:1201,91,0,0
BRDA:1201,91,1,0
BRDA:1203,92,0,0
BRDA:1203,92,1,0
BRDA:1205,93,0,0
BRDA:1205,93,1,0
BRDA:1206,94,0,0
BRDA:1206,94,1,0
BRDA:1213,95,0,0
BRDA:1213,95,1,0
BRDA:1219,96,0,0
BRDA:1219,96,1,0
BRDA:1220,97,0,0
BRDA:1220,97,1,0
BRDA:1222,98,0,0
BRDA:1222,98,1,0
BRDA:1224,99,0,0
BRDA:1224,99,1,0
BRDA:1225,100,0,0
BRDA:1225,100,1,0
BRDA:1232,101,0,0
BRDA:1232,101,1,0
BRDA:1238,102,0,0
BRDA:1238,102,1,0
BRDA:1239,103,0,0
BRDA:1239,103,1,0
BRDA:1241,104,0,0
BRDA:1241,104,1,0
BRDA:1243,105,0,0
BRDA:1243,105,1,0
BRDA:1244,106,0,0
BRDA:1244,106,1,0
BRDA:1255,107,0,0
BRDA:1255,107,1,0
BRDA:1255,108,0,0
BRDA:1255,108,1,0
BRDA:1255,108,2,0
BRDA:1259,109,0,0
BRDA:1259,109,1,0
BRDA:1272,110,0,0
BRDA:1272,110,1,0
BRDA:1279,111,0,0
BRDA:1279,111,1,0
BRDA:1285,112,0,0
BRDA:1285,112,1,0
BRDA:1287,113,0,0
BRDA:1287,113,1,0
BRDA:1295,114,0,0
BRDA:1295,114,1,0
BRDA:1319,115,0,0
BRDA:1319,115,1,0
BRDA:1325,116,0,0
BRDA:1325,116,1,0
BRDA:1330,117,0,0
BRDA:1330,117,1,0
BRDA:1331,118,0,0
BRDA:1331,118,1,0
BRDA:1332,119,0,0
BRDA:1332,119,1,0
BRDA:1334,120,0,0
BRDA:1334,120,1,0
BRDA:1337,121,0,0
BRDA:1337,121,1,0
BRDA:1338,122,0,0
BRDA:1338,122,1,0
BRDA:1346,123,0,0
BRDA:1346,123,1,0
BRDA:1349,124,0,0
BRDA:1349,124,1,0
BRDA:1349,125,0,0
BRDA:1349,125,1,0
BRDA:1365,126,0,0
BRDA:1365,126,1,0
BRDA:1365,127,0,0
BRDA:1365,127,1,0
BRDA:1377,128,0,0
BRDA:1377,128,1,0
BRDA:1383,129,0,0
BRDA:1383,129,1,0
BRDA:1389,130,0,0
BRDA:1389,130,1,0
BRDA:1409,131,0,0
BRDA:1409,131,1,0
BRDA:1413,132,0,0
BRDA:1413,132,1,0
BRDA:1413,133,0,0
BRDA:1413,133,1,0
BRDA:1415,134,0,0
BRDA:1415,134,1,0
BRDA:1422,135,0,0
BRDA:1422,135,1,0
BRDA:1423,136,0,0
BRDA:1423,136,1,0
BRDA:1435,137,0,0
BRDA:1435,137,1,0
BRDA:1435,138,0,0
BRDA:1435,138,1,0
BRDA:1435,138,2,0
BRDA:1438,139,0,0
BRDA:1438,139,1,0
BRDA:1458,140,0,0
BRDA:1458,140,1,0
BRDA:1458,141,0,0
BRDA:1458,141,1,0
BRDA:1459,142,0,0
BRDA:1459,142,1,0
BRDA:1475,143,0,0
BRDA:1475,143,1,0
BRDA:1478,144,0,0
BRDA:1478,144,1,0
BRDA:1491,145,0,0
BRDA:1491,145,1,0
BRDA:1494,146,0,0
BRDA:1494,146,1,0
BRDA:1494,147,0,0
BRDA:1494,147,1,0
BRDA:1499,148,0,0
BRDA:1499,148,1,0
BRDA:1500,149,0,0
BRDA:1500,149,1,0
BRDA:1500,150,0,0
BRDA:1500,150,1,0
BRDA:1505,151,0,0
BRDA:1505,151,1,0
BRDA:1506,152,0,0
BRDA:1506,152,1,0
BRDA:1508,153,0,0
BRDA:1508,153,1,0
BRDA:1508,154,0,0
BRDA:1508,154,1,0
BRDA:1521,155,0,0
BRDA:1521,155,1,0
BRDA:1526,156,0,0
BRDA:1526,156,1,0
BRDA:1531,157,0,0
BRDA:1531,157,1,0
BRDA:1534,158,0,0
BRDA:1534,158,1,0
BRDA:1548,159,0,0
BRDA:1548,159,1,0
BRDA:1548,160,0,0
BRDA:1548,160,1,0
BRDA:1548,160,2,0
BRDA:1553,161,0,0
BRDA:1553,161,1,0
BRDA:1574,162,0,0
BRDA:1575,163,0,0
BRDA:1575,163,1,0
BRDA:1575,164,0,0
BRDA:1575,164,1,0
BRDA:1580,165,0,0
BRDA:1580,165,1,0
BRDA:1580,166,0,0
BRDA:1580,166,1,0
BRDA:1585,167,0,0
BRDA:1585,167,1,0
BRDA:1585,168,0,0
BRDA:1585,168,1,0
BRDA:1590,169,0,0
BRDA:1590,169,1,0
BRDA:1590,170,0,0
BRDA:1590,170,1,0
BRDA:1595,171,0,0
BRDA:1595,171,1,0
BRDA:1595,172,0,0
BRDA:1595,172,1,0
BRDA:1601,173,0,0
BRDA:1601,173,1,0
BRDA:1603,174,0,0
BRDA:1603,174,1,0
BRDA:1610,175,0,0
BRDA:1610,175,1,0
BRDA:1612,176,0,0
BRDA:1612,176,1,0
BRDA:1623,177,0,0
BRDA:1623,177,1,0
BRDA:1623,178,0,0
BRDA:1623,178,1,0
BRDA:1623,178,2,0
BRDA:1628,179,0,0
BRDA:1628,179,1,0
BRDA:1628,180,0,0
BRDA:1628,180,1,0
BRDA:1630,181,0,0
BRDA:1630,181,1,0
BRDA:1630,182,0,0
BRDA:1630,182,1,0
BRDA:1630,182,2,0
BRDA:1642,183,0,0
BRDA:1642,183,1,0
BRDA:1651,184,0,0
BRDA:1651,184,1,0
BRDA:1680,185,0,0
BRDA:1680,185,1,0
BRDA:1682,186,0,0
BRDA:1682,186,1,0
BRDA:1682,187,0,0
BRDA:1682,187,1,0
BRDA:1691,188,0,0
BRDA:1691,188,1,0
BRDA:1698,189,0,0
BRDA:1698,189,1,0
BRDA:1698,190,0,0
BRDA:1698,190,1,0
BRDA:1702,191,0,0
BRDA:1702,191,1,0
BRDA:1702,192,0,0
BRDA:1702,192,1,0
BRDA:1705,193,0,0
BRDA:1705,193,1,0
BRDA:1709,194,0,0
BRDA:1709,194,1,0
BRDA:1709,195,0,0
BRDA:1709,195,1,0
BRDA:1712,196,0,0
BRDA:1712,196,1,0
BRDA:1716,197,0,0
BRDA:1716,197,1,0
BRDA:1718,198,0,0
BRDA:1718,198,1,0
BRDA:1718,199,0,0
BRDA:1718,199,1,0
BRDA:1732,200,0,0
BRDA:1732,200,1,0
BRDA:1732,201,0,0
BRDA:1732,201,1,0
BRDA:1736,202,0,0
BRDA:1736,202,1,0
BRDA:1749,203,0,0
BRDA:1749,203,1,0
BRDA:1749,203,2,0
BRDA:1749,203,3,0
BRDA:1752,204,0,0
BRDA:1752,204,1,0
BRDA:1754,205,0,0
BRDA:1754,205,1,0
BRDA:1754,205,2,0
BRDA:1754,205,3,0
BRDA:1755,206,0,0
BRDA:1755,206,1,0
BRDA:1760,207,0,0
BRDA:1760,207,1,0
BRDA:1765,208,0,0
BRDA:1765,208,1,0
BRDA:1772,209,0,0
BRDA:1772,209,1,0
BRDA:1772,210,0,0
BRDA:1772,210,1,0
BRDA:1775,211,0,0
BRDA:1775,211,1,0
BRDA:1775,212,0,0
BRDA:1775,212,1,0
BRDA:1783,213,0,0
BRDA:1783,213,1,0
BRDA:1790,214,0,0
BRDA:1790,214,1,0
BRDA:1791,215,0,0
BRDA:1791,215,1,0
BRDA:1792,216,0,0
BRDA:1792,216,1,0
BRDA:1793,217,0,0
BRDA:1793,217,1,0
BRDA:1793,217,2,0
BRDA:1796,218,0,0
BRDA:1796,218,1,0
BRDA:1796,219,0,0
BRDA:1796,219,1,0
BRDA:1796,219,2,0
BRDA:1800,220,0,0
BRDA:1800,220,1,0
BRDA:1800,221,0,0
BRDA:1800,221,1,0
BRDA:1800,221,2,0
BRDA:1802,222,0,0
BRDA:1802,222,1,0
BRDA:1817,223,0,0
BRDA:1817,223,1,0
BRDA:1818,224,0,0
BRDA:1818,224,1,0
BRDA:1822,225,0,0
BRDA:1822,225,1,0
BRDA:1823,226,0,0
BRDA:1823,226,1,0
BRDA:1828,227,0,0
BRDA:1828,227,1,0
BRDA:1831,228,0,0
BRDA:1831,228,1,0
BRDA:1832,229,0,0
BRDA:1832,229,1,0
BRDA:1837,230,0,0
BRDA:1837,230,1,0
BRDA:1838,231,0,0
BRDA:1838,231,1,0
BRDA:1841,232,0,0
BRDA:1841,232,1,0
BRDA:1841,233,0,0
BRDA:1841,233,1,0
BRDA:1841,233,2,0
BRDA:1843,234,0,0
BRDA:1843,234,1,0
BRDA:1844,235,0,0
BRDA:1844,235,1,0
BRDA:1845,236,0,0
BRDA:1845,236,1,0
BRDA:1853,237,0,0
BRDA:1853,237,1,0
BRDA:1853,238,0,0
BRDA:1853,238,1,0
BRDA:1854,239,0,0
BRDA:1854,239,1,0
BRDA:1855,240,0,0
BRDA:1855,240,1,0
BRDA:1908,241,0,0
BRDA:1908,241,1,0
BRDA:1919,242,0,0
BRDA:1919,242,1,0
BRDA:1919,243,0,0
BRDA:1919,243,1,0
BRDA:1925,244,0,0
BRDA:1925,244,1,0
BRDA:1931,245,0,0
BRDA:1931,245,1,0
BRDA:1947,246,0,0
BRDA:1947,246,1,0
BRDA:1951,247,0,0
BRDA:1951,247,1,0
BRDA:1951,247,2,0
BRDA:1951,247,3,0
BRDA:1963,248,0,0
BRDA:1963,248,1,0
BRDA:1963,249,0,0
BRDA:1963,249,1,0
BRDA:1963,249,2,0
BRDA:1963,249,3,0
BRDA:1963,249,4,0
BRDA:1963,249,5,0
BRDA:1970,250,0,0
BRDA:1970,250,1,0
BRDA:1970,251,0,0
BRDA:1970,251,1,0
BRDA:1970,251,2,0
BRDA:1970,251,3,0
BRDA:1980,252,0,0
BRDA:1980,252,1,0
BRDA:1981,253,0,0
BRDA:1981,253,1,0
BRDA:1982,254,0,0
BRDA:1982,254,1,0
BRDA:1983,255,0,0
BRDA:1983,255,1,0
BRDA:1989,256,0,0
BRDA:1989,256,1,0
BRDA:1990,257,0,0
BRDA:1990,257,1,0
BRDA:1991,258,0,0
BRDA:1991,258,1,0
BRDA:1992,259,0,0
BRDA:1992,259,1,0
BRDA:1995,260,0,0
BRDA:1995,260,1,0
BRDA:1996,261,0,0
BRDA:1996,261,1,0
BRDA:2004,262,0,0
BRDA:2004,262,1,0
BRDA:2008,263,0,0
BRDA:2008,263,1,0
BRDA:2010,264,0,0
BRDA:2010,264,1,0
BRDA:2012,265,0,0
BRDA:2012,265,1,0
BRDA:2023,266,0,0
BRDA:2023,266,1,0
BRDA:2023,267,0,0
BRDA:2023,267,1,0
BRDA:2023,267,2,0
BRDA:2023,267,3,0
BRDA:2032,268,0,0
BRDA:2032,268,1,0
BRDA:2049,269,0,0
BRDA:2049,269,1,0
BRDA:2050,270,0,0
BRDA:2050,270,1,0
BRDA:2061,271,0,0
BRDA:2061,271,1,0
BRDA:2066,272,0,0
BRDA:2066,272,1,0
BRDA:2070,273,0,0
BRDA:2070,273,1,0
BRDA:2074,274,0,0
BRDA:2074,274,1,0
BRDA:2120,275,0,0
BRDA:2120,275,1,0
BRDA:2203,276,0,0
BRDA:2203,276,1,0
BRDA:2212,277,0,0
BRDA:2212,277,1,0
BRDA:2223,278,0,0
BRDA:2223,278,1,0
BRDA:2227,279,0,0
BRDA:2227,279,1,0
BRDA:2228,280,0,0
BRDA:2228,280,1,0
BRDA:2303,281,0,0
BRDA:2303,281,1,0
BRDA:2309,282,0,0
BRDA:2309,282,1,0
BRDA:2310,283,0,0
BRDA:2310,283,1,0
BRDA:2311,284,0,0
BRDA:2311,284,1,0
BRDA:2312,285,0,0
BRDA:2312,285,1,0
BRDA:2318,286,0,0
BRDA:2318,286,1,0
BRDA:2319,287,0,0
BRDA:2319,287,1,0
BRDA:2320,288,0,0
BRDA:2320,288,1,0
BRDA:2321,289,0,0
BRDA:2321,289,1,0
BRDA:2324,290,0,0
BRDA:2324,290,1,0
BRDA:2325,291,0,0
BRDA:2325,291,1,0
BRDA:2326,292,0,0
BRDA:2326,292,1,0
BRDA:2388,293,0,0
BRDA:2388,293,1,0
BRDA:2399,294,0,0
BRDA:2399,294,1,0
BRDA:2409,295,0,0
BRDA:2409,295,1,0
BRDA:2409,296,0,0
BRDA:2409,296,1,0
BRDA:2413,297,0,0
BRDA:2413,297,1,0
BRDA:2413,298,0,0
BRDA:2413,298,1,0
BRDA:2417,299,0,0
BRDA:2417,299,1,0
BRDA:2417,300,0,0
BRDA:2417,300,1,0
BRDA:2422,301,0,0
BRDA:2422,301,1,0
BRDA:2422,302,0,0
BRDA:2422,302,1,0
BRDA:2427,303,0,0
BRDA:2427,303,1,0
BRDA:2427,304,0,0
BRDA:2427,304,1,0
BRDA:2433,305,0,0
BRDA:2433,305,1,0
BRDA:2436,306,0,0
BRDA:2436,306,1,0
BRDA:2436,307,0,0
BRDA:2436,307,1,0
BRDA:2444,308,0,0
BRDA:2444,308,1,0
BRDA:2447,309,0,0
BRDA:2447,309,1,0
BRDA:2447,310,0,0
BRDA:2447,310,1,0
BRDA:2619,311,0,0
BRDA:2619,311,1,0
BRDA:2634,312,0,0
BRDA:2634,312,1,0
BRDA:2634,312,2,0
BRDA:2639,313,0,0
BRDA:2639,313,1,0
BRDA:2643,314,0,0
BRDA:2643,314,1,0
BRDA:2655,315,0,0
BRDA:2655,315,1,0
BRDA:2673,316,0,0
BRDA:2673,316,1,0
BRDA:2689,317,0,0
BRDA:2689,317,1,0
BRDA:2701,318,0,0
BRDA:2701,318,1,0
BRDA:2713,319,0,0
BRDA:2713,319,1,0
BRDA:2725,320,0,0
BRDA:2725,320,1,0
BRDA:2733,321,0,0
BRDA:2733,321,1,0
BRDA:2744,322,0,0
BRDA:2744,322,1,0
BRDA:2747,323,0,0
BRDA:2747,323,1,0
BRDA:2749,324,0,0
BRDA:2749,324,1,0
BRDA:2749,325,0,0
BRDA:2749,325,1,0
BRDA:2756,326,0,0
BRDA:2756,326,1,0
BRDA:2757,327,0,0
BRDA:2757,327,1,0
BRDA:2758,328,0,0
BRDA:2758,328,1,0
BRDA:2759,329,0,0
BRDA:2759,329,1,0
BRDA:2760,330,0,0
BRDA:2760,330,1,0
BRDA:2766,331,0,0
BRDA:2766,331,1,0
BRDA:2769,332,0,0
BRDA:2769,332,1,0
BRDA:2771,333,0,0
BRDA:2771,333,1,0
BRDA:2771,334,0,0
BRDA:2771,334,1,0
BRDA:2778,335,0,0
BRDA:2778,335,1,0
BRDA:2778,336,0,0
BRDA:2778,336,1,0
BRDA:2778,336,2,0
BRDA:2781,337,0,0
BRDA:2781,337,1,0
BRDA:2781,338,0,0
BRDA:2781,338,1,0
BRDA:2784,339,0,0
BRDA:2784,339,1,0
BRDA:2785,340,0,0
BRDA:2785,340,1,0
BRDA:2793,341,0,0
BRDA:2793,341,1,0
BRDA:2793,341,2,0
BRDA:2793,341,3,0
BRDA:2794,342,0,0
BRDA:2794,342,1,0
BRDA:2795,343,0,0
BRDA:2795,343,1,0
BRDA:2796,344,0,0
BRDA:2796,344,1,0
BRDA:2797,345,0,0
BRDA:2797,345,1,0
BRDA:2801,346,0,0
BRDA:2801,346,1,0
BRDA:2801,347,0,0
BRDA:2801,347,1,0
BRDA:2804,348,0,0
BRDA:2804,348,1,0
BRDA:2804,349,0,0
BRDA:2804,349,1,0
BRDA:2807,350,0,0
BRDA:2807,350,1,0
BRDA:2807,351,0,0
BRDA:2807,351,1,0
BRDA:2826,352,0,0
BRDA:2826,352,1,0
BRDA:2831,353,0,0
BRDA:2831,353,1,0
BRDA:2835,354,0,0
BRDA:2835,354,1,0
BRDA:2924,355,0,0
BRDA:2924,355,1,0
BRDA:2954,356,0,0
BRDA:2954,356,1,0
BRDA:2959,357,0,0
BRDA:2959,357,1,0
BRDA:2961,358,0,0
BRDA:2961,358,1,0
BRDA:2986,359,0,0
BRDA:2986,359,1,0
BRDA:2997,360,0,0
BRDA:2997,360,1,0
BRDA:2998,361,0,0
BRDA:2998,361,1,0
BRDA:3011,362,0,0
BRDA:3011,362,1,0
BRDA:3036,363,0,0
BRDA:3036,363,1,0
BRDA:3059,364,0,0
BRDA:3059,364,1,0
BRDA:3066,365,0,0
BRDA:3066,365,1,0
BRDA:3074,366,0,0
BRDA:3074,366,1,0
BRDA:3086,367,0,0
BRDA:3086,367,1,0
BRDA:3086,368,0,0
BRDA:3086,368,1,0
BRDA:3104,369,0,0
BRDA:3104,369,1,0
BRDA:3108,370,0,0
BRDA:3108,370,1,0
BRDA:3111,371,0,0
BRDA:3111,371,1,0
BRDA:3114,372,0,0
BRDA:3114,372,1,0
BRDA:3117,373,0,0
BRDA:3117,373,1,0
BRDA:3122,374,0,0
BRDA:3122,374,1,0
BRDA:3122,375,0,0
BRDA:3122,375,1,0
BRDA:3127,376,0,0
BRDA:3127,376,1,0
BRDA:3128,377,0,0
BRDA:3128,377,1,0
BRDA:3130,378,0,0
BRDA:3130,378,1,0
BRDA:3135,379,0,0
BRDA:3135,379,1,0
BRDA:3135,380,0,0
BRDA:3135,380,1,0
BRDA:3140,381,0,0
BRDA:3140,381,1,0
BRDA:3141,382,0,0
BRDA:3141,382,1,0
BRDA:3142,383,0,0
BRDA:3142,383,1,0
BRDA:3143,384,0,0
BRDA:3143,384,1,0
BRDA:3143,385,0,0
BRDA:3143,385,1,0
BRDA:3196,386,0,0
BRDA:3196,386,1,0
BRDA:3197,387,0,0
BRDA:3197,387,1,0
BRDA:3198,388,0,0
BRDA:3198,388,1,0
BRDA:3199,389,0,0
BRDA:3199,389,1,0
BRDA:3202,390,0,0
BRDA:3202,390,1,0
BRDA:3202,391,0,0
BRDA:3202,391,1,0
BRDA:3205,392,0,0
BRDA:3205,392,1,0
BRDA:3206,393,0,0
BRDA:3206,393,1,0
BRDA:3206,394,0,0
BRDA:3206,394,1,0
BRDA:3207,395,0,0
BRDA:3207,395,1,0
BRDA:3207,396,0,0
BRDA:3207,396,1,0
BRDA:3217,397,0,0
BRDA:3217,397,1,0
BRDA:3217,398,0,0
BRDA:3217,398,1,0
BRDA:3220,399,0,0
BRDA:3220,399,1,0
BRDA:3220,400,0,0
BRDA:3220,400,1,0
BRDA:3221,401,0,0
BRDA:3221,401,1,0
BRDA:3227,402,0,0
BRDA:3227,402,1,0
BRDA:3227,403,0,0
BRDA:3227,403,1,0
BRDA:3257,404,0,0
BRDA:3257,404,1,0
BRDA:3263,405,0,0
BRDA:3263,405,1,0
BRDA:3271,406,0,0
BRDA:3271,406,1,0
BRDA:3273,407,0,0
BRDA:3273,407,1,0
BRDA:3273,408,0,0
BRDA:3273,408,1,0
BRDA:3324,409,0,0
BRDA:3324,409,1,0
BRDA:3326,410,0,0
BRDA:3326,410,1,0
BRDA:3341,411,0,0
BRDA:3341,411,1,0
BRDA:3385,412,0,0
BRDA:3385,412,1,0
BRDA:3391,413,0,0
BRDA:3391,413,1,0
BRDA:3470,414,0,0
BRDA:3470,414,1,0
BRDA:3535,415,0,0
BRDA:3535,415,1,0
BRDA:3535,416,0,0
BRDA:3535,416,1,0
BRDA:3542,417,0,0
BRDA:3542,417,1,0
BRDA:3542,418,0,0
BRDA:3542,418,1,0
BRDA:3545,419,0,0
BRDA:3545,419,1,0
BRDA:3546,420,0,0
BRDA:3546,420,1,0
BRDA:3547,421,0,0
BRDA:3547,421,1,0
BRDA:3551,422,0,0
BRDA:3551,422,1,0
BRDA:3567,423,0,0
BRDA:3567,423,1,0
BRDA:3605,424,0,0
BRDA:3605,424,1,0
BRDA:3623,425,0,0
BRDA:3623,425,1,0
BRDA:3660,426,0,0
BRDA:3660,426,1,0
BRDA:3660,427,0,0
BRDA:3660,427,1,0
BRDA:3663,428,0,0
BRDA:3663,428,1,0
BRDA:3670,429,0,0
BRDA:3670,429,1,0
BRDA:3686,430,0,0
BRDA:3686,430,1,0
BRDA:3704,431,0,0
BRDA:3704,431,1,0
BRDA:3704,432,0,0
BRDA:3704,432,1,0
BRDA:3718,433,0,0
BRDA:3718,433,1,0
BRDA:3718,434,0,0
BRDA:3718,434,1,0
BRDA:3734,435,0,0
BRDA:3734,435,1,0
BRDA:3736,436,0,0
BRDA:3736,436,1,0
BRDA:3737,437,0,0
BRDA:3737,437,1,0
BRDA:3738,438,0,0
BRDA:3738,438,1,0
BRDA:3743,439,0,0
BRDA:3743,439,1,0
BRDA:3751,440,0,0
BRDA:3751,440,1,0
BRDA:3770,441,0,0
BRDA:3770,441,1,0
BRDA:3773,442,0,0
BRDA:3773,442,1,0
BRDA:3809,443,0,0
BRDA:3809,443,1,0
BRDA:3809,444,0,0
BRDA:3809,444,1,0
BRDA:3816,445,0,0
BRDA:3816,445,1,0
BRDA:3833,446,0,0
BRDA:3833,446,1,0
BRDA:3876,447,0,0
BRDA:3876,447,1,0
BRDA:3884,448,0,0
BRDA:3884,448,1,0
BRDA:3895,449,0,0
BRDA:3895,449,1,0
BRDA:3898,450,0,0
BRDA:3898,450,1,0
BRDA:3907,451,0,0
BRDA:3907,451,1,0
BRDA:3911,452,0,0
BRDA:3911,452,1,0
BRDA:3915,453,0,0
BRDA:3915,453,1,0
BRDA:3919,454,0,0
BRDA:3919,454,1,0
BRDA:3950,455,0,0
BRDA:3950,455,1,0
BRDA:3950,456,0,0
BRDA:3950,456,1,0
BRDA:3952,457,0,0
BRDA:3952,457,1,0
BRDA:3976,458,0,0
BRDA:3976,458,1,0
BRDA:3978,459,0,0
BRDA:3978,459,1,0
BRDA:4001,460,0,0
BRDA:4001,460,1,0
BRDA:4007,461,0,0
BRDA:4007,461,1,0
BRDA:4012,462,0,0
BRDA:4012,462,1,0
BRDA:4041,463,0,0
BRDA:4041,463,1,0
BRDA:4041,464,0,0
BRDA:4041,464,1,0
BRDA:4117,465,0,0
BRDA:4117,465,1,0
BRDA:4117,466,0,0
BRDA:4117,466,1,0
BRDA:4182,467,0,0
BRDA:4182,467,1,0
BRDA:4183,468,0,0
BRDA:4183,468,1,0
BRDA:4203,469,0,0
BRDA:4203,469,1,0
BRDA:4206,470,0,0
BRDA:4206,470,1,0
BRDA:4218,471,0,0
BRDA:4218,471,1,0
BRDA:4229,472,0,0
BRDA:4229,472,1,0
BRDA:4244,473,0,0
BRDA:4244,473,1,0
BRF:974
BRH:0
end_of_record
TN:
SF:src/components/enhanced-onet-mapper.js
FN:7,(anonymous_0)
FN:32,(anonymous_1)
FN:62,(anonymous_2)
FN:69,(anonymous_3)
FN:98,(anonymous_4)
FN:119,(anonymous_5)
FN:134,(anonymous_6)
FN:152,(anonymous_7)
FN:166,(anonymous_8)
FN:181,(anonymous_9)
FNF:10
FNH:0
FNDA:0,(anonymous_0)
FNDA:0,(anonymous_1)
FNDA:0,(anonymous_2)
FNDA:0,(anonymous_3)
FNDA:0,(anonymous_4)
FNDA:0,(anonymous_5)
FNDA:0,(anonymous_6)
FNDA:0,(anonymous_7)
FNDA:0,(anonymous_8)
FNDA:0,(anonymous_9)
DA:8,0
DA:9,0
DA:18,0
DA:33,0
DA:35,0
DA:37,0
DA:38,0
DA:39,0
DA:42,0
DA:45,0
DA:48,0
DA:50,0
DA:61,0
DA:62,0
DA:70,0
DA:78,0
DA:79,0
DA:80,0
DA:83,0
DA:86,0
DA:89,0
DA:92,0
DA:100,0
DA:101,0
DA:105,0
DA:106,0
DA:107,0
DA:108,0
DA:113,0
DA:120,0
DA:121,0
DA:123,0
DA:124,0
DA:125,0
DA:128,0
DA:135,0
DA:137,0
DA:138,0
DA:139,0
DA:141,0
DA:146,0
DA:153,0
DA:160,0
DA:168,0
DA:175,0
DA:182,0
DA:189,0
DA:194,0
LF:48
LH:0
BRDA:32,0,0,0
BRDA:38,1,0,0
BRDA:38,1,1,0
BRDA:79,2,0,0
BRDA:79,2,1,0
BRDA:83,3,0,0
BRDA:83,3,1,0
BRDA:100,4,0,0
BRDA:100,4,1,0
BRDA:107,5,0,0
BRDA:107,5,1,0
BRDA:107,6,0,0
BRDA:107,6,1,0
BRDA:121,7,0,0
BRDA:121,7,1,0
BRDA:124,8,0,0
BRDA:124,8,1,0
BRDA:125,9,0,0
BRDA:125,9,1,0
BRDA:139,10,0,0
BRDA:139,10,1,0
BRDA:139,11,0,0
BRDA:139,11,1,0
BRDA:160,12,0,0
BRDA:160,12,1,0
BRDA:175,13,0,0
BRDA:175,13,1,0
BRDA:189,14,0,0
BRDA:189,14,1,0
BRF:29
BRH:0
end_of_record
TN:
SF:src/components/onet-skill-mapper.js
FN:7,(anonymous_0)
FN:14,(anonymous_1)
FN:30,(anonymous_2)
FN:45,(anonymous_3)
FN:50,(anonymous_4)
FN:78,(anonymous_5)
FN:102,(anonymous_6)
FN:124,(anonymous_7)
FN:158,(anonymous_8)
FN:166,(anonymous_9)
FN:198,(anonymous_10)
FN:199,(anonymous_11)
FN:203,(anonymous_12)
FN:207,(anonymous_13)
FN:219,(anonymous_14)
FN:220,(anonymous_15)
FN:233,(anonymous_16)
FNF:17
FNH:0
FNDA:0,(anonymous_0)
FNDA:0,(anonymous_1)
FNDA:0,(anonymous_2)
FNDA:0,(anonymous_3)
FNDA:0,(anonymous_4)
FNDA:0,(anonymous_5)
FNDA:0,(anonymous_6)
FNDA:0,(anonymous_7)
FNDA:0,(anonymous_8)
FNDA:0,(anonymous_9)
FNDA:0,(anonymous_10)
FNDA:0,(anonymous_11)
FNDA:0,(anonymous_12)
FNDA:0,(anonymous_13)
FNDA:0,(anonymous_14)
FNDA:0,(anonymous_15)
FNDA:0,(anonymous_16)
DA:8,0
DA:9,0
DA:10,0
DA:11,0
DA:15,0
DA:17,0
DA:18,0
DA:19,0
DA:20,0
DA:21,0
DA:23,0
DA:25,0
DA:26,0
DA:31,0
DA:33,0
DA:34,0
DA:36,0
DA:37,0
DA:38,0
DA:42,0
DA:45,0
DA:46,0
DA:47,0
DA:50,0
DA:52,0
DA:53,0
DA:54,0
DA:57,0
DA:58,0
DA:59,0
DA:67,0
DA:68,0
DA:71,0
DA:73,0
DA:74,0
DA:79,0
DA:80,0
DA:81,0
DA:83,0
DA:84,0
DA:86,0
DA:87,0
DA:88,0
DA:89,0
DA:90,0
DA:91,0
DA:92,0
DA:94,0
DA:98,0
DA:99,0
DA:104,0
DA:107,0
DA:108,0
DA:109,0
DA:110,0
DA:111,0
DA:112,0
DA:113,0
DA:114,0
DA:115,0
DA:116,0
DA:119,0
DA:120,0
DA:125,0
DA:126,0
DA:129,0
DA:132,0
DA:133,0
DA:137,0
DA:138,0
DA:139,0
DA:140,0
DA:141,0
DA:144,0
DA:145,0
DA:146,0
DA:148,0
DA:149,0
DA:150,0
DA:154,0
DA:159,0
DA:160,0
DA:163,0
DA:164,0
DA:165,0
DA:166,0
DA:167,0
DA:168,0
DA:180,0
DA:181,0
DA:185,0
DA:186,0
DA:187,0
DA:188,0
DA:198,0
DA:199,0
DA:203,0
DA:204,0
DA:209,0
DA:210,0
DA:213,0
DA:215,0
DA:216,0
DA:219,0
DA:220,0
DA:222,0
DA:230,0
DA:235,0
DA:288,0
DA:293,0
LF:110
LH:0
BRDA:15,0,0,0
BRDA:15,0,1,0
BRDA:34,1,0,0
BRDA:34,1,1,0
BRDA:37,2,0,0
BRDA:37,2,1,0
BRDA:46,3,0,0
BRDA:46,3,1,0
BRDA:54,4,0,0
BRDA:54,4,1,0
BRDA:58,5,0,0
BRDA:58,5,1,0
BRDA:67,6,0,0
BRDA:67,6,1,0
BRDA:86,7,0,0
BRDA:86,7,1,0
BRDA:86,8,0,0
BRDA:86,8,1,0
BRDA:86,8,2,0
BRDA:88,9,0,0
BRDA:88,9,1,0
BRDA:88,10,0,0
BRDA:88,10,1,0
BRDA:88,10,2,0
BRDA:88,10,3,0
BRDA:90,11,0,0
BRDA:90,11,1,0
BRDA:90,12,0,0
BRDA:90,12,1,0
BRDA:129,13,0,0
BRDA:129,13,1,0
BRDA:132,14,0,0
BRDA:132,14,1,0
BRDA:132,15,0,0
BRDA:132,15,1,0
BRDA:137,16,0,0
BRDA:137,16,1,0
BRDA:137,17,0,0
BRDA:137,17,1,0
BRDA:144,18,0,0
BRDA:144,18,1,0
BRDA:145,19,0,0
BRDA:145,19,1,0
BRDA:149,20,0,0
BRDA:149,20,1,0
BRDA:164,21,0,0
BRDA:164,21,1,0
BRDA:167,22,0,0
BRDA:167,22,1,0
BRDA:180,23,0,0
BRDA:180,23,1,0
BRDA:187,24,0,0
BRDA:187,24,1,0
BRDA:209,25,0,0
BRDA:209,25,1,0
BRF:55
BRH:0
end_of_record
TN:
SF:src/components/skills-analysis-display.js
FN:7,(anonymous_0)
FN:16,(anonymous_1)
FN:47,(anonymous_2)
FN:59,(anonymous_3)
FN:72,(anonymous_4)
FN:103,(anonymous_5)
FN:133,(anonymous_6)
FN:156,(anonymous_7)
FN:173,(anonymous_8)
FN:174,(anonymous_9)
FN:182,(anonymous_10)
FN:194,(anonymous_11)
FN:212,(anonymous_12)
FN:230,(anonymous_13)
FN:250,(anonymous_14)
FN:259,(anonymous_15)
FN:268,(anonymous_16)
FN:285,(anonymous_17)
FNF:18
FNH:0
FNDA:0,(anonymous_0)
FNDA:0,(anonymous_1)
FNDA:0,(anonymous_2)
FNDA:0,(anonymous_3)
FNDA:0,(anonymous_4)
FNDA:0,(anonymous_5)
FNDA:0,(anonymous_6)
FNDA:0,(anonymous_7)
FNDA:0,(anonymous_8)
FNDA:0,(anonymous_9)
FNDA:0,(anonymous_10)
FNDA:0,(anonymous_11)
FNDA:0,(anonymous_12)
FNDA:0,(anonymous_13)
FNDA:0,(anonymous_14)
FNDA:0,(anonymous_15)
FNDA:0,(anonymous_16)
FNDA:0,(anonymous_17)
DA:8,0
DA:9,0
DA:10,0
DA:18,0
DA:20,0
DA:22,0
DA:25,0
DA:32,0
DA:35,0
DA:37,0
DA:40,0
DA:48,0
DA:60,0
DA:72,0
DA:97,0
DA:104,0
DA:105,0
DA:106,0
DA:108,0
DA:134,0
DA:135,0
DA:144,0
DA:145,0
DA:146,0
DA:150,0
DA:157,0
DA:159,0
DA:160,0
DA:161,0
DA:162,0
DA:164,0
DA:167,0
DA:174,0
DA:182,0
DA:195,0
DA:196,0
DA:198,0
DA:199,0
DA:200,0
DA:201,0
DA:203,0
DA:204,0
DA:205,0
DA:213,0
DA:214,0
DA:216,0
DA:217,0
DA:218,0
DA:219,0
DA:221,0
DA:222,0
DA:223,0
DA:231,0
DA:232,0
DA:234,0
DA:236,0
DA:237,0
DA:238,0
DA:241,0
DA:244,0
DA:250,0
DA:259,0
DA:269,0
DA:277,0
DA:278,0
DA:286,0
DA:298,0
LF:67
LH:0
BRDA:37,0,0,0
BRDA:37,0,1,0
BRDA:105,1,0,0
BRDA:105,1,1,0
BRDA:105,2,0,0
BRDA:105,2,1,0
BRDA:138,3,0,0
BRDA:138,3,1,0
BRDA:145,4,0,0
BRDA:145,4,1,0
BRDA:161,5,0,0
BRDA:161,5,1,0
BRDA:198,6,0,0
BRDA:198,6,1,0
BRDA:216,7,0,0
BRDA:216,7,1,0
BRDA:234,8,0,0
BRDA:234,8,1,0
BRDA:246,9,0,0
BRDA:246,9,1,0
BRDA:255,10,0,0
BRDA:255,10,1,0
BRDA:264,11,0,0
BRDA:264,11,1,0
BRF:24
BRH:0
end_of_record
TN:
SF:src/components/ux-enhanced-resume-display.js
FN:3,(anonymous_0)
FN:13,(anonymous_1)
FN:36,(anonymous_2)
FN:49,(anonymous_3)
FN:55,(anonymous_4)
FN:56,(anonymous_5)
FN:65,(anonymous_6)
FN:89,(anonymous_7)
FN:101,(anonymous_8)
FN:114,(anonymous_9)
FN:129,(anonymous_10)
FN:144,(anonymous_11)
FN:151,(anonymous_12)
FN:181,(anonymous_13)
FN:185,(anonymous_14)
FN:186,(anonymous_15)
FN:194,(anonymous_16)
FN:201,(anonymous_17)
FN:204,(anonymous_18)
FN:220,(anonymous_19)
FN:226,(anonymous_20)
FN:239,(anonymous_21)
FN:240,(anonymous_22)
FN:250,(anonymous_23)
FN:254,(anonymous_24)
FN:262,(anonymous_25)
FN:270,(anonymous_26)
FN:293,(anonymous_27)
FN:301,(anonymous_28)
FN:313,(anonymous_29)
FN:337,(anonymous_30)
FN:356,(anonymous_31)
FN:370,(anonymous_32)
FN:371,(anonymous_33)
FN:390,(anonymous_34)
FN:401,(anonymous_35)
FN:422,(anonymous_36)
FN:429,(anonymous_37)
FN:431,(anonymous_38)
FN:440,(anonymous_39)
FN:455,(anonymous_40)
FN:462,(anonymous_41)
FN:474,(anonymous_42)
FN:479,(anonymous_43)
FN:508,(anonymous_44)
FN:513,(anonymous_45)
FN:525,(anonymous_46)
FN:549,(anonymous_47)
FNF:48
FNH:0
FNDA:0,(anonymous_0)
FNDA:0,(anonymous_1)
FNDA:0,(anonymous_2)
FNDA:0,(anonymous_3)
FNDA:0,(anonymous_4)
FNDA:0,(anonymous_5)
FNDA:0,(anonymous_6)
FNDA:0,(anonymous_7)
FNDA:0,(anonymous_8)
FNDA:0,(anonymous_9)
FNDA:0,(anonymous_10)
FNDA:0,(anonymous_11)
FNDA:0,(anonymous_12)
FNDA:0,(anonymous_13)
FNDA:0,(anonymous_14)
FNDA:0,(anonymous_15)
FNDA:0,(anonymous_16)
FNDA:0,(anonymous_17)
FNDA:0,(anonymous_18)
FNDA:0,(anonymous_19)
FNDA:0,(anonymous_20)
FNDA:0,(anonymous_21)
FNDA:0,(anonymous_22)
FNDA:0,(anonymous_23)
FNDA:0,(anonymous_24)
FNDA:0,(anonymous_25)
FNDA:0,(anonymous_26)
FNDA:0,(anonymous_27)
FNDA:0,(anonymous_28)
FNDA:0,(anonymous_29)
FNDA:0,(anonymous_30)
FNDA:0,(anonymous_31)
FNDA:0,(anonymous_32)
FNDA:0,(anonymous_33)
FNDA:0,(anonymous_34)
FNDA:0,(anonymous_35)
FNDA:0,(anonymous_36)
FNDA:0,(anonymous_37)
FNDA:0,(anonymous_38)
FNDA:0,(anonymous_39)
FNDA:0,(anonymous_40)
FNDA:0,(anonymous_41)
FNDA:0,(anonymous_42)
FNDA:0,(anonymous_43)
FNDA:0,(anonymous_44)
FNDA:0,(anonymous_45)
FNDA:0,(anonymous_46)
FNDA:0,(anonymous_47)
DA:4,0
DA:9,0
DA:10,0
DA:14,0
DA:15,0
DA:18,0
DA:21,0
DA:22,0
DA:23,0
DA:24,0
DA:25,0
DA:28,0
DA:30,0
DA:32,0
DA:37,0
DA:40,0
DA:41,0
DA:44,0
DA:45,0
DA:48,0
DA:49,0
DA:50,0
DA:55,0
DA:56,0
DA:57,0
DA:60,0
DA:62,0
DA:66,0
DA:86,0
DA:90,0
DA:91,0
DA:92,0
DA:93,0
DA:94,0
DA:95,0
DA:97,0
DA:102,0
DA:103,0
DA:105,0
DA:106,0
DA:107,0
DA:108,0
DA:110,0
DA:115,0
DA:117,0
DA:130,0
DA:131,0
DA:139,0
DA:140,0
DA:144,0
DA:152,0
DA:153,0
DA:161,0
DA:162,0
DA:164,0
DA:182,0
DA:185,0
DA:186,0
DA:187,0
DA:190,0
DA:193,0
DA:194,0
DA:195,0
DA:197,0
DA:201,0
DA:202,0
DA:204,0
DA:205,0
DA:208,0
DA:209,0
DA:212,0
DA:213,0
DA:216,0
DA:220,0
DA:227,0
DA:240,0
DA:241,0
DA:244,0
DA:246,0
DA:247,0
DA:250,0
DA:251,0
DA:254,0
DA:255,0
DA:258,0
DA:263,0
DA:271,0
DA:272,0
DA:274,0
DA:276,0
DA:277,0
DA:278,0
DA:280,0
DA:281,0
DA:282,0
DA:284,0
DA:285,0
DA:286,0
DA:289,0
DA:294,0
DA:302,0
DA:314,0
DA:338,0
DA:357,0
DA:360,0
DA:361,0
DA:369,0
DA:370,0
DA:371,0
DA:374,0
DA:375,0
DA:384,0
DA:390,0
DA:402,0
DA:423,0
DA:426,0
DA:430,0
DA:431,0
DA:432,0
DA:435,0
DA:436,0
DA:437,0
DA:441,0
DA:442,0
DA:443,0
DA:444,0
DA:446,0
DA:447,0
DA:448,0
DA:451,0
DA:452,0
DA:456,0
DA:457,0
DA:458,0
DA:459,0
DA:460,0
DA:462,0
DA:463,0
DA:464,0
DA:465,0
DA:466,0
DA:470,0
DA:475,0
DA:476,0
DA:480,0
DA:497,0
DA:498,0
DA:499,0
DA:504,0
DA:510,0
DA:515,0
DA:516,0
DA:517,0
DA:518,0
DA:519,0
DA:520,0
DA:521,0
DA:522,0
DA:526,0
DA:550,0
DA:551,0
DA:553,0
DA:554,0
DA:555,0
DA:557,0
DA:558,0
DA:564,0
DA:565,0
LF:168
LH:0
BRDA:48,0,0,0
BRDA:48,0,1,0
BRDA:49,1,0,0
BRDA:49,1,1,0
BRDA:50,2,0,0
BRDA:50,2,1,0
BRDA:60,3,0,0
BRDA:60,3,1,0
BRDA:90,4,0,0
BRDA:90,4,1,0
BRDA:92,5,0,0
BRDA:92,5,1,0
BRDA:94,6,0,0
BRDA:94,6,1,0
BRDA:102,7,0,0
BRDA:102,7,1,0
BRDA:103,8,0,0
BRDA:103,8,1,0
BRDA:105,9,0,0
BRDA:105,9,1,0
BRDA:105,10,0,0
BRDA:105,10,1,0
BRDA:107,11,0,0
BRDA:107,11,1,0
BRDA:130,12,0,0
BRDA:130,12,1,0
BRDA:145,13,0,0
BRDA:145,13,1,0
BRDA:152,14,0,0
BRDA:152,14,1,0
BRDA:190,15,0,0
BRDA:190,15,1,0
BRDA:193,16,0,0
BRDA:193,16,1,0
BRDA:195,17,0,0
BRDA:195,17,1,0
BRDA:197,18,0,0
BRDA:197,18,1,0
BRDA:208,19,0,0
BRDA:208,19,1,0
BRDA:208,20,0,0
BRDA:208,20,1,0
BRDA:212,21,0,0
BRDA:212,21,1,0
BRDA:246,22,0,0
BRDA:246,22,1,0
BRDA:250,23,0,0
BRDA:250,23,1,0
BRDA:254,24,0,0
BRDA:254,24,1,0
BRDA:274,25,0,0
BRDA:274,25,1,0
BRDA:274,25,2,0
BRDA:360,26,0,0
BRDA:360,26,1,0
BRDA:369,27,0,0
BRDA:369,27,1,0
BRDA:374,28,0,0
BRDA:374,28,1,0
BRDA:423,29,0,0
BRDA:423,29,1,0
BRDA:432,30,0,0
BRDA:432,30,1,0
BRDA:435,31,0,0
BRDA:435,31,1,0
BRDA:436,32,0,0
BRDA:436,32,1,0
BRDA:436,33,0,0
BRDA:436,33,1,0
BRDA:442,34,0,0
BRDA:442,34,1,0
BRDA:447,35,0,0
BRDA:447,35,1,0
BRDA:457,36,0,0
BRDA:457,36,1,0
BRDA:463,37,0,0
BRDA:463,37,1,0
BRDA:498,38,0,0
BRDA:498,38,1,0
BRDA:553,39,0,0
BRDA:553,39,1,0
BRDA:564,40,0,0
BRDA:564,40,1,0
BRF:83
BRH:0
end_of_record
TN:
SF:src/parsers/enhanced-resume-parser.js
FN:3,(anonymous_0)
FN:26,(anonymous_1)
FN:53,(anonymous_2)
FN:69,(anonymous_3)
FN:73,(anonymous_4)
FN:79,(anonymous_5)
FN:165,(anonymous_6)
FN:188,(anonymous_7)
FN:215,(anonymous_8)
FN:219,(anonymous_9)
FN:243,(anonymous_10)
FN:246,(anonymous_11)
FN:246,(anonymous_12)
FN:318,(anonymous_13)
FN:321,(anonymous_14)
FN:321,(anonymous_15)
FN:359,(anonymous_16)
FN:404,(anonymous_17)
FN:430,(anonymous_18)
FN:436,(anonymous_19)
FN:437,(anonymous_20)
FN:469,(anonymous_21)
FN:489,(anonymous_22)
FN:508,(anonymous_23)
FN:512,(anonymous_24)
FN:528,(anonymous_25)
FN:531,(anonymous_26)
FN:531,(anonymous_27)
FN:572,(anonymous_28)
FN:601,(anonymous_29)
FN:623,(anonymous_30)
FN:628,(anonymous_31)
FN:653,(anonymous_32)
FN:691,(anonymous_33)
FN:718,(anonymous_34)
FN:722,(anonymous_35)
FN:727,(anonymous_36)
FN:737,(anonymous_37)
FNF:38
FNH:0
FNDA:0,(anonymous_0)
FNDA:0,(anonymous_1)
FNDA:0,(anonymous_2)
FNDA:0,(anonymous_3)
FNDA:0,(anonymous_4)
FNDA:0,(anonymous_5)
FNDA:0,(anonymous_6)
FNDA:0,(anonymous_7)
FNDA:0,(anonymous_8)
FNDA:0,(anonymous_9)
FNDA:0,(anonymous_10)
FNDA:0,(anonymous_11)
FNDA:0,(anonymous_12)
FNDA:0,(anonymous_13)
FNDA:0,(anonymous_14)
FNDA:0,(anonymous_15)
FNDA:0,(anonymous_16)
FNDA:0,(anonymous_17)
FNDA:0,(anonymous_18)
FNDA:0,(anonymous_19)
FNDA:0,(anonymous_20)
FNDA:0,(anonymous_21)
FNDA:0,(anonymous_22)
FNDA:0,(anonymous_23)
FNDA:0,(anonymous_24)
FNDA:0,(anonymous_25)
FNDA:0,(anonymous_26)
FNDA:0,(anonymous_27)
FNDA:0,(anonymous_28)
FNDA:0,(anonymous_29)
FNDA:0,(anonymous_30)
FNDA:0,(anonymous_31)
FNDA:0,(anonymous_32)
FNDA:0,(anonymous_33)
FNDA:0,(anonymous_34)
FNDA:0,(anonymous_35)
FNDA:0,(anonymous_36)
FNDA:0,(anonymous_37)
DA:4,0
DA:5,0
DA:6,0
DA:9,0
DA:19,0
DA:22,0
DA:23,0
DA:27,0
DA:54,0
DA:55,0
DA:56,0
DA:57,0
DA:58,0
DA:60,0
DA:61,0
DA:64,0
DA:65,0
DA:70,0
DA:74,0
DA:75,0
DA:80,0
DA:82,0
DA:83,0
DA:86,0
DA:87,0
DA:90,0
DA:91,0
DA:92,0
DA:95,0
DA:97,0
DA:98,0
DA:99,0
DA:101,0
DA:102,0
DA:106,0
DA:107,0
DA:109,0
DA:113,0
DA:114,0
DA:115,0
DA:116,0
DA:118,0
DA:119,0
DA:121,0
DA:123,0
DA:128,0
DA:129,0
DA:132,0
DA:133,0
DA:134,0
DA:137,0
DA:138,0
DA:143,0
DA:144,0
DA:146,0
DA:149,0
DA:152,0
DA:153,0
DA:154,0
DA:157,0
DA:160,0
DA:161,0
DA:166,0
DA:176,0
DA:177,0
DA:178,0
DA:182,0
DA:183,0
DA:184,0
DA:188,0
DA:189,0
DA:190,0
DA:192,0
DA:193,0
DA:195,0
DA:196,0
DA:201,0
DA:202,0
DA:203,0
DA:207,0
DA:208,0
DA:209,0
DA:212,0
DA:216,0
DA:217,0
DA:219,0
DA:222,0
DA:223,0
DA:224,0
DA:225,0
DA:226,0
DA:227,0
DA:228,0
DA:232,0
DA:233,0
DA:235,0
DA:236,0
DA:237,0
DA:238,0
DA:243,0
DA:245,0
DA:246,0
DA:247,0
DA:249,0
DA:258,0
DA:259,0
DA:261,0
DA:262,0
DA:263,0
DA:264,0
DA:266,0
DA:271,0
DA:272,0
DA:276,0
DA:277,0
DA:278,0
DA:279,0
DA:284,0
DA:285,0
DA:288,0
DA:291,0
DA:295,0
DA:296,0
DA:300,0
DA:303,0
DA:308,0
DA:310,0
DA:311,0
DA:315,0
DA:321,0
DA:328,0
DA:329,0
DA:331,0
DA:332,0
DA:335,0
DA:336,0
DA:340,0
DA:341,0
DA:342,0
DA:345,0
DA:346,0
DA:350,0
DA:351,0
DA:352,0
DA:356,0
DA:360,0
DA:366,0
DA:367,0
DA:370,0
DA:371,0
DA:372,0
DA:374,0
DA:375,0
DA:376,0
DA:382,0
DA:383,0
DA:385,0
DA:386,0
DA:388,0
DA:389,0
DA:390,0
DA:391,0
DA:396,0
DA:401,0
DA:406,0
DA:407,0
DA:410,0
DA:416,0
DA:417,0
DA:418,0
DA:420,0
DA:421,0
DA:422,0
DA:427,0
DA:432,0
DA:435,0
DA:436,0
DA:437,0
DA:440,0
DA:442,0
DA:443,0
DA:444,0
DA:449,0
DA:459,0
DA:460,0
DA:461,0
DA:462,0
DA:466,0
DA:471,0
DA:472,0
DA:474,0
DA:476,0
DA:477,0
DA:478,0
DA:479,0
DA:480,0
DA:483,0
DA:486,0
DA:490,0
DA:493,0
DA:494,0
DA:495,0
DA:498,0
DA:499,0
DA:502,0
DA:503,0
DA:505,0
DA:509,0
DA:513,0
DA:514,0
DA:517,0
DA:518,0
DA:519,0
DA:520,0
DA:521,0
DA:525,0
DA:528,0
DA:530,0
DA:531,0
DA:532,0
DA:534,0
DA:541,0
DA:543,0
DA:544,0
DA:547,0
DA:548,0
DA:551,0
DA:552,0
DA:553,0
DA:556,0
DA:557,0
DA:558,0
DA:559,0
DA:564,0
DA:565,0
DA:569,0
DA:573,0
DA:574,0
DA:575,0
DA:577,0
DA:578,0
DA:581,0
DA:583,0
DA:584,0
DA:587,0
DA:589,0
DA:594,0
DA:595,0
DA:598,0
DA:603,0
DA:604,0
DA:608,0
DA:609,0
DA:612,0
DA:623,0
DA:629,0
DA:632,0
DA:633,0
DA:637,0
DA:640,0
DA:641,0
DA:645,0
DA:648,0
DA:650,0
DA:654,0
DA:693,0
DA:694,0
DA:697,0
DA:698,0
DA:702,0
DA:714,0
DA:719,0
DA:723,0
DA:728,0
DA:733,0
DA:734,0
DA:737,0
DA:738,0
DA:739,0
LF:279
LH:0
BRDA:55,0,0,0
BRDA:55,0,1,0
BRDA:74,1,0,0
BRDA:74,1,1,0
BRDA:91,2,0,0
BRDA:91,2,1,0
BRDA:95,3,0,0
BRDA:95,3,1,0
BRDA:106,4,0,0
BRDA:106,4,1,0
BRDA:114,5,0,0
BRDA:114,5,1,0
BRDA:153,6,0,0
BRDA:153,6,1,0
BRDA:177,7,0,0
BRDA:177,7,1,0
BRDA:183,8,0,0
BRDA:183,8,1,0
BRDA:192,9,0,0
BRDA:192,9,1,0
BRDA:192,10,0,0
BRDA:192,10,1,0
BRDA:202,11,0,0
BRDA:202,11,1,0
BRDA:208,12,0,0
BRDA:208,12,1,0
BRDA:225,13,0,0
BRDA:225,13,1,0
BRDA:232,14,0,0
BRDA:232,14,1,0
BRDA:236,15,0,0
BRDA:236,15,1,0
BRDA:247,16,0,0
BRDA:247,16,1,0
BRDA:258,17,0,0
BRDA:258,17,1,0
BRDA:261,18,0,0
BRDA:261,18,1,0
BRDA:261,19,0,0
BRDA:261,19,1,0
BRDA:264,20,0,0
BRDA:264,20,1,0
BRDA:271,21,0,0
BRDA:271,21,1,0
BRDA:271,22,0,0
BRDA:271,22,1,0
BRDA:271,22,2,0
BRDA:277,23,0,0
BRDA:277,23,1,0
BRDA:288,24,0,0
BRDA:288,24,1,0
BRDA:288,25,0,0
BRDA:288,25,1,0
BRDA:288,25,2,0
BRDA:295,26,0,0
BRDA:295,26,1,0
BRDA:295,27,0,0
BRDA:295,27,1,0
BRDA:295,27,2,0
BRDA:300,28,0,0
BRDA:300,28,1,0
BRDA:300,29,0,0
BRDA:300,29,1,0
BRDA:300,29,2,0
BRDA:300,29,3,0
BRDA:300,29,4,0
BRDA:300,29,5,0
BRDA:310,30,0,0
BRDA:310,30,1,0
BRDA:335,31,0,0
BRDA:335,31,1,0
BRDA:340,32,0,0
BRDA:340,32,1,0
BRDA:345,33,0,0
BRDA:345,33,1,0
BRDA:346,34,0,0
BRDA:346,34,1,0
BRDA:350,35,0,0
BRDA:350,35,1,0
BRDA:356,36,0,0
BRDA:356,36,1,0
BRDA:372,37,0,0
BRDA:372,37,1,0
BRDA:375,38,0,0
BRDA:375,38,1,0
BRDA:382,39,0,0
BRDA:382,39,1,0
BRDA:390,40,0,0
BRDA:390,40,1,0
BRDA:418,41,0,0
BRDA:418,41,1,0
BRDA:421,42,0,0
BRDA:421,42,1,0
BRDA:437,43,0,0
BRDA:437,43,1,0
BRDA:443,44,0,0
BRDA:443,44,1,0
BRDA:461,45,0,0
BRDA:461,45,1,0
BRDA:474,46,0,0
BRDA:474,46,1,0
BRDA:474,47,0,0
BRDA:474,47,1,0
BRDA:479,48,0,0
BRDA:479,48,1,0
BRDA:479,49,0,0
BRDA:479,49,1,0
BRDA:483,50,0,0
BRDA:483,50,1,0
BRDA:493,51,0,0
BRDA:493,51,1,0
BRDA:494,52,0,0
BRDA:494,52,1,0
BRDA:495,53,0,0
BRDA:495,53,1,0
BRDA:498,54,0,0
BRDA:498,54,1,0
BRDA:502,55,0,0
BRDA:502,55,1,0
BRDA:519,56,0,0
BRDA:519,56,1,0
BRDA:525,57,0,0
BRDA:525,57,1,0
BRDA:532,58,0,0
BRDA:532,58,1,0
BRDA:543,59,0,0
BRDA:543,59,1,0
BRDA:547,60,0,0
BRDA:547,60,1,0
BRDA:551,61,0,0
BRDA:551,61,1,0
BRDA:556,62,0,0
BRDA:556,62,1,0
BRDA:558,63,0,0
BRDA:558,63,1,0
BRDA:564,64,0,0
BRDA:564,64,1,0
BRDA:564,65,0,0
BRDA:564,65,1,0
BRDA:581,66,0,0
BRDA:581,66,1,0
BRDA:583,67,0,0
BRDA:583,67,1,0
BRDA:583,68,0,0
BRDA:583,68,1,0
BRDA:594,69,0,0
BRDA:594,69,1,0
BRDA:594,70,0,0
BRDA:594,70,1,0
BRDA:603,71,0,0
BRDA:603,71,1,0
BRDA:608,72,0,0
BRDA:608,72,1,0
BRDA:608,73,0,0
BRDA:608,73,1,0
BRDA:623,74,0,0
BRDA:623,74,1,0
BRDA:623,74,2,0
BRDA:632,75,0,0
BRDA:632,75,1,0
BRDA:640,76,0,0
BRDA:640,76,1,0
BRDA:661,77,0,0
BRDA:661,77,1,0
BRDA:662,78,0,0
BRDA:662,78,1,0
BRDA:663,79,0,0
BRDA:663,79,1,0
BRDA:693,80,0,0
BRDA:693,80,1,0
BRDA:697,81,0,0
BRDA:697,81,1,0
BRDA:733,82,0,0
BRDA:733,82,1,0
BRDA:738,83,0,0
BRDA:738,83,1,0
BRF:176
BRH:0
end_of_record
TN:
SF:src/parsers/resume-parser.js
FN:2,(anonymous_0)
FN:31,(anonymous_1)
FN:57,(anonymous_2)
FN:66,(anonymous_3)
FN:95,(anonymous_4)
FN:115,(anonymous_5)
FN:169,(anonymous_6)
FN:180,(anonymous_7)
FN:187,(anonymous_8)
FN:188,(anonymous_9)
FN:225,(anonymous_10)
FN:236,(anonymous_11)
FN:243,(anonymous_12)
FN:244,(anonymous_13)
FN:272,(anonymous_14)
FN:288,(anonymous_15)
FN:291,(anonymous_16)
FN:291,(anonymous_17)
FN:300,(anonymous_18)
FN:308,(anonymous_19)
FN:322,(anonymous_20)
FN:323,(anonymous_21)
FN:333,(anonymous_22)
FN:338,(anonymous_23)
FN:339,(anonymous_24)
FN:344,(anonymous_25)
FN:345,(anonymous_26)
FN:348,(anonymous_27)
FN:354,(anonymous_28)
FN:370,(anonymous_29)
FN:382,(anonymous_30)
FN:433,(anonymous_31)
FNF:32
FNH:0
FNDA:0,(anonymous_0)
FNDA:0,(anonymous_1)
FNDA:0,(anonymous_2)
FNDA:0,(anonymous_3)
FNDA:0,(anonymous_4)
FNDA:0,(anonymous_5)
FNDA:0,(anonymous_6)
FNDA:0,(anonymous_7)
FNDA:0,(anonymous_8)
FNDA:0,(anonymous_9)
FNDA:0,(anonymous_10)
FNDA:0,(anonymous_11)
FNDA:0,(anonymous_12)
FNDA:0,(anonymous_13)
FNDA:0,(anonymous_14)
FNDA:0,(anonymous_15)
FNDA:0,(anonymous_16)
FNDA:0,(anonymous_17)
FNDA:0,(anonymous_18)
FNDA:0,(anonymous_19)
FNDA:0,(anonymous_20)
FNDA:0,(anonymous_21)
FNDA:0,(anonymous_22)
FNDA:0,(anonymous_23)
FNDA:0,(anonymous_24)
FNDA:0,(anonymous_25)
FNDA:0,(anonymous_26)
FNDA:0,(anonymous_27)
FNDA:0,(anonymous_28)
FNDA:0,(anonymous_29)
FNDA:0,(anonymous_30)
FNDA:0,(anonymous_31)
DA:3,0
DA:24,0
DA:32,0
DA:33,0
DA:34,0
DA:36,0
DA:48,0
DA:50,0
DA:53,0
DA:58,0
DA:67,0
DA:68,0
DA:69,0
DA:70,0
DA:72,0
DA:73,0
DA:75,0
DA:76,0
DA:77,0
DA:80,0
DA:81,0
DA:82,0
DA:83,0
DA:84,0
DA:88,0
DA:89,0
DA:92,0
DA:96,0
DA:100,0
DA:101,0
DA:102,0
DA:103,0
DA:104,0
DA:105,0
DA:106,0
DA:107,0
DA:108,0
DA:109,0
DA:112,0
DA:116,0
DA:127,0
DA:128,0
DA:129,0
DA:133,0
DA:134,0
DA:135,0
DA:139,0
DA:140,0
DA:141,0
DA:145,0
DA:146,0
DA:147,0
DA:151,0
DA:152,0
DA:153,0
DA:154,0
DA:161,0
DA:162,0
DA:166,0
DA:170,0
DA:171,0
DA:173,0
DA:174,0
DA:175,0
DA:176,0
DA:180,0
DA:181,0
DA:182,0
DA:183,0
DA:188,0
DA:189,0
DA:191,0
DA:200,0
DA:203,0
DA:204,0
DA:206,0
DA:207,0
DA:208,0
DA:209,0
DA:214,0
DA:215,0
DA:216,0
DA:217,0
DA:218,0
DA:222,0
DA:226,0
DA:227,0
DA:229,0
DA:230,0
DA:231,0
DA:232,0
DA:236,0
DA:237,0
DA:238,0
DA:239,0
DA:244,0
DA:245,0
DA:247,0
DA:255,0
DA:256,0
DA:258,0
DA:259,0
DA:260,0
DA:261,0
DA:262,0
DA:263,0
DA:264,0
DA:265,0
DA:269,0
DA:273,0
DA:281,0
DA:282,0
DA:285,0
DA:288,0
DA:290,0
DA:291,0
DA:294,0
DA:299,0
DA:300,0
DA:301,0
DA:305,0
DA:309,0
DA:310,0
DA:312,0
DA:313,0
DA:314,0
DA:315,0
DA:319,0
DA:323,0
DA:324,0
DA:326,0
DA:334,0
DA:335,0
DA:339,0
DA:340,0
DA:341,0
DA:345,0
DA:349,0
DA:350,0
DA:351,0
DA:355,0
DA:356,0
DA:357,0
DA:358,0
DA:360,0
DA:371,0
DA:372,0
DA:374,0
DA:375,0
DA:376,0
DA:377,0
DA:379,0
DA:383,0
DA:384,0
DA:394,0
DA:395,0
DA:396,0
DA:397,0
DA:398,0
DA:399,0
DA:400,0
DA:401,0
DA:404,0
DA:405,0
DA:408,0
DA:409,0
DA:412,0
DA:413,0
DA:414,0
DA:417,0
DA:418,0
DA:422,0
DA:423,0
DA:424,0
DA:425,0
DA:426,0
DA:427,0
DA:428,0
DA:430,0
DA:434,0
DA:440,0
DA:441,0
DA:444,0
DA:445,0
DA:447,0
DA:448,0
DA:450,0
DA:451,0
DA:455,0
DA:456,0
DA:458,0
DA:459,0
DA:461,0
DA:462,0
DA:466,0
DA:467,0
DA:468,0
DA:469,0
DA:470,0
DA:471,0
DA:473,0
DA:476,0
LF:202
LH:0
BRDA:39,0,0,0
BRDA:39,0,1,0
BRDA:40,1,0,0
BRDA:40,1,1,0
BRDA:41,2,0,0
BRDA:41,2,1,0
BRDA:42,3,0,0
BRDA:42,3,1,0
BRDA:43,4,0,0
BRDA:43,4,1,0
BRDA:43,4,2,0
BRDA:75,5,0,0
BRDA:75,5,1,0
BRDA:76,6,0,0
BRDA:76,6,1,0
BRDA:76,7,0,0
BRDA:76,7,1,0
BRDA:83,8,0,0
BRDA:83,8,1,0
BRDA:83,9,0,0
BRDA:83,9,1,0
BRDA:88,10,0,0
BRDA:88,10,1,0
BRDA:88,11,0,0
BRDA:88,11,1,0
BRDA:100,12,0,0
BRDA:100,12,1,0
BRDA:100,13,0,0
BRDA:100,13,1,0
BRDA:100,13,2,0
BRDA:102,14,0,0
BRDA:102,14,1,0
BRDA:102,15,0,0
BRDA:102,15,1,0
BRDA:104,16,0,0
BRDA:104,16,1,0
BRDA:104,17,0,0
BRDA:104,17,1,0
BRDA:106,18,0,0
BRDA:106,18,1,0
BRDA:108,19,0,0
BRDA:108,19,1,0
BRDA:108,20,0,0
BRDA:108,20,1,0
BRDA:108,20,2,0
BRDA:128,21,0,0
BRDA:128,21,1,0
BRDA:134,22,0,0
BRDA:134,22,1,0
BRDA:140,23,0,0
BRDA:140,23,1,0
BRDA:146,24,0,0
BRDA:146,24,1,0
BRDA:154,25,0,0
BRDA:154,25,1,0
BRDA:154,26,0,0
BRDA:154,26,1,0
BRDA:154,26,2,0
BRDA:154,26,3,0
BRDA:154,26,4,0
BRDA:154,26,5,0
BRDA:154,26,6,0
BRDA:154,26,7,0
BRDA:175,27,0,0
BRDA:175,27,1,0
BRDA:175,28,0,0
BRDA:175,28,1,0
BRDA:181,29,0,0
BRDA:181,29,1,0
BRDA:182,30,0,0
BRDA:182,30,1,0
BRDA:189,31,0,0
BRDA:189,31,1,0
BRDA:206,32,0,0
BRDA:206,32,1,0
BRDA:206,33,0,0
BRDA:206,33,1,0
BRDA:208,34,0,0
BRDA:208,34,1,0
BRDA:208,35,0,0
BRDA:208,35,1,0
BRDA:208,35,2,0
BRDA:214,36,0,0
BRDA:214,36,1,0
BRDA:217,37,0,0
BRDA:217,37,1,0
BRDA:217,38,0,0
BRDA:217,38,1,0
BRDA:231,39,0,0
BRDA:231,39,1,0
BRDA:231,40,0,0
BRDA:231,40,1,0
BRDA:237,41,0,0
BRDA:237,41,1,0
BRDA:238,42,0,0
BRDA:238,42,1,0
BRDA:245,43,0,0
BRDA:245,43,1,0
BRDA:258,44,0,0
BRDA:258,44,1,0
BRDA:258,45,0,0
BRDA:258,45,1,0
BRDA:260,46,0,0
BRDA:260,46,1,0
BRDA:260,47,0,0
BRDA:260,47,1,0
BRDA:262,48,0,0
BRDA:262,48,1,0
BRDA:262,49,0,0
BRDA:262,49,1,0
BRDA:262,49,2,0
BRDA:264,50,0,0
BRDA:264,50,1,0
BRDA:281,51,0,0
BRDA:281,51,1,0
BRDA:288,52,0,0
BRDA:288,52,1,0
BRDA:300,53,0,0
BRDA:300,53,1,0
BRDA:314,54,0,0
BRDA:314,54,1,0
BRDA:314,55,0,0
BRDA:314,55,1,0
BRDA:324,56,0,0
BRDA:324,56,1,0
BRDA:334,57,0,0
BRDA:334,57,1,0
BRDA:341,58,0,0
BRDA:341,58,1,0
BRDA:349,59,0,0
BRDA:349,59,1,0
BRDA:351,60,0,0
BRDA:351,60,1,0
BRDA:357,61,0,0
BRDA:357,61,1,0
BRDA:358,62,0,0
BRDA:358,62,1,0
BRDA:372,63,0,0
BRDA:372,63,1,0
BRDA:372,64,0,0
BRDA:372,64,1,0
BRDA:396,65,0,0
BRDA:396,65,1,0
BRDA:397,66,0,0
BRDA:397,66,1,0
BRDA:398,67,0,0
BRDA:398,67,1,0
BRDA:399,68,0,0
BRDA:399,68,1,0
BRDA:400,69,0,0
BRDA:400,69,1,0
BRDA:417,70,0,0
BRDA:417,70,1,0
BRDA:417,71,0,0
BRDA:417,71,1,0
BRDA:424,72,0,0
BRDA:424,72,1,0
BRDA:425,73,0,0
BRDA:425,73,1,0
BRDA:426,74,0,0
BRDA:426,74,1,0
BRDA:427,75,0,0
BRDA:427,75,1,0
BRDA:444,76,0,0
BRDA:444,76,1,0
BRDA:444,77,0,0
BRDA:444,77,1,0
BRDA:447,78,0,0
BRDA:447,78,1,0
BRDA:450,79,0,0
BRDA:450,79,1,0
BRDA:455,80,0,0
BRDA:455,80,1,0
BRDA:458,81,0,0
BRDA:458,81,1,0
BRDA:461,82,0,0
BRDA:461,82,1,0
BRDA:461,83,0,0
BRDA:461,83,1,0
BRDA:466,84,0,0
BRDA:466,84,1,0
BRDA:469,85,0,0
BRDA:469,85,1,0
BRF:183
BRH:0
end_of_record
TN:
SF:src/services/government-data-service.js
FN:3,(anonymous_0)
FN:22,(anonymous_1)
FN:78,(anonymous_2)
FN:100,(anonymous_3)
FN:118,(anonymous_4)
FN:148,(anonymous_5)
FN:170,(anonymous_6)
FN:189,(anonymous_7)
FN:208,(anonymous_8)
FN:226,(anonymous_9)
FN:254,(anonymous_10)
FN:280,(anonymous_11)
FN:300,(anonymous_12)
FN:303,(anonymous_13)
FN:311,(anonymous_14)
FN:324,(anonymous_15)
FN:325,(anonymous_16)
FN:331,(anonymous_17)
FN:335,(anonymous_18)
FN:337,(anonymous_19)
FN:342,(anonymous_20)
FN:346,(anonymous_21)
FN:357,(anonymous_22)
FN:408,(anonymous_23)
FN:434,(anonymous_24)
FN:445,(anonymous_25)
FNF:26
FNH:0
FNDA:0,(anonymous_0)
FNDA:0,(anonymous_1)
FNDA:0,(anonymous_2)
FNDA:0,(anonymous_3)
FNDA:0,(anonymous_4)
FNDA:0,(anonymous_5)
FNDA:0,(anonymous_6)
FNDA:0,(anonymous_7)
FNDA:0,(anonymous_8)
FNDA:0,(anonymous_9)
FNDA:0,(anonymous_10)
FNDA:0,(anonymous_11)
FNDA:0,(anonymous_12)
FNDA:0,(anonymous_13)
FNDA:0,(anonymous_14)
FNDA:0,(anonymous_15)
FNDA:0,(anonymous_16)
FNDA:0,(anonymous_17)
FNDA:0,(anonymous_18)
FNDA:0,(anonymous_19)
FNDA:0,(anonymous_20)
FNDA:0,(anonymous_21)
FNDA:0,(anonymous_22)
FNDA:0,(anonymous_23)
FNDA:0,(anonymous_24)
FNDA:0,(anonymous_25)
DA:4,0
DA:5,0
DA:6,0
DA:7,0
DA:10,0
DA:18,0
DA:23,0
DA:24,0
DA:27,0
DA:28,0
DA:29,0
DA:30,0
DA:33,0
DA:34,0
DA:35,0
DA:38,0
DA:39,0
DA:44,0
DA:45,0
DA:46,0
DA:49,0
DA:57,0
DA:58,0
DA:61,0
DA:63,0
DA:64,0
DA:67,0
DA:68,0
DA:70,0
DA:72,0
DA:73,0
DA:79,0
DA:81,0
DA:86,0
DA:88,0
DA:94,0
DA:95,0
DA:101,0
DA:102,0
DA:105,0
DA:106,0
DA:107,0
DA:108,0
DA:111,0
DA:112,0
DA:113,0
DA:116,0
DA:117,0
DA:118,0
DA:119,0
DA:122,0
DA:124,0
DA:131,0
DA:132,0
DA:135,0
DA:137,0
DA:138,0
DA:140,0
DA:142,0
DA:143,0
DA:149,0
DA:150,0
DA:151,0
DA:152,0
DA:153,0
DA:155,0
DA:164,0
DA:165,0
DA:171,0
DA:172,0
DA:177,0
DA:183,0
DA:184,0
DA:190,0
[...]
FN:481,(anonymous_24)
FN:485,(anonymous_25)
FNF:26
FNH:0
FNDA:0,(anonymous_0)
FNDA:0,(anonymous_1)
FNDA:0,(anonymous_2)
FNDA:0,(anonymous_3)
FNDA:0,(anonymous_4)
FNDA:0,(anonymous_5)
FNDA:0,(anonymous_6)
FNDA:0,(anonymous_7)
FNDA:0,(anonymous_8)
FNDA:0,(anonymous_9)
FNDA:0,(anonymous_10)
FNDA:0,(anonymous_11)
FNDA:0,(anonymous_12)
FNDA:0,(anonymous_13)
FNDA:0,(anonymous_14)
FNDA:0,(anonymous_15)
FNDA:0,(anonymous_16)
FNDA:0,(anonymous_17)
FNDA:0,(anonymous_18)
FNDA:0,(anonymous_19)
FNDA:0,(anonymous_20)
FNDA:0,(anonymous_21)
FNDA:0,(anonymous_22)
FNDA:0,(anonymous_23)
FNDA:0,(anonymous_24)
FNDA:0,(anonymous_25)
DA:4,0
DA:5,0
DA:6,0
DA:7,0
DA:9,0
DA:14,0
DA:72,0
DA:73,0
DA:76,0
DA:77,0
DA:80,0
DA:85,0
DA:86,0
DA:87,0
DA:91,0
DA:92,0
DA:94,0
DA:95,0
DA:96,0
DA:99,0
DA:100,0
DA:101,0
DA:104,0
DA:105,0
DA:106,0
DA:108,0
DA:111,0
DA:112,0
DA:113,0
DA:115,0
DA:118,0
DA:121,0
DA:122,0
DA:123,0
DA:124,0
DA:125,0
DA:127,0
DA:128,0
DA:129,0
DA:131,0
DA:133,0
DA:134,0
DA:138,0
DA:144,0
DA:145,0
DA:148,0
DA:154,0
DA:155,0
DA:156,0
DA:159,0
DA:160,0
DA:161,0
DA:163,0
DA:165,0
DA:166,0
DA:168,0
DA:171,0
DA:172,0
DA:178,0
DA:179,0
DA:182,0
DA:188,0
DA:189,0
DA:190,0
DA:193,0
DA:194,0
DA:195,0
DA:197,0
DA:199,0
DA:200,0
DA:202,0
DA:205,0
DA:206,0
DA:212,0
DA:213,0
DA:214,0
DA:216,0
DA:225,0
DA:226,0
DA:229,0
DA:230,0
DA:233,0
DA:247,0
DA:258,0
DA:282,0
DA:283,0
DA:284,0
DA:287,0
DA:288,0
DA:293,0
DA:294,0
DA:297,0
DA:298,0
DA:301,0
DA:302,0
DA:316,0
DA:317,0
DA:326,0
DA:327,0
DA:329,0
DA:335,0
DA:336,0
DA:345,0
DA:346,0
DA:348,0
DA:355,0
DA:356,0
DA:367,0
DA:368,0
DA:369,0
DA:373,0
DA:374,0
DA:376,0
DA:377,0
DA:379,0
DA:383,0
DA:386,0
DA:387,0
DA:388,0
DA:390,0
DA:393,0
DA:398,0
DA:400,0
DA:401,0
DA:402,0
DA:407,0
DA:415,0
DA:418,0
DA:427,0
DA:432,0
DA:433,0
DA:439,0
DA:447,0
DA:448,0
DA:454,0
DA:461,0
DA:462,0
DA:463,0
DA:465,0
DA:466,0
DA:467,0
DA:468,0
DA:469,0
DA:470,0
DA:472,0
DA:477,0
DA:481,0
DA:486,0
LF:148
LH:0
BRDA:71,0,0,0
BRDA:72,1,0,0
BRDA:72,1,1,0
BRDA:76,2,0,0
BRDA:76,2,1,0
BRDA:76,3,0,0
BRDA:76,3,1,0
BRDA:86,4,0,0
BRDA:86,4,1,0
BRDA:95,5,0,0
BRDA:95,5,1,0
BRDA:100,6,0,0
BRDA:100,6,1,0
BRDA:121,7,0,0
BRDA:121,7,1,0
BRDA:121,8,0,0
BRDA:121,8,1,0
BRDA:143,9,0,0
BRDA:143,10,0,0
BRDA:144,11,0,0
BRDA:144,11,1,0
BRDA:155,12,0,0
BRDA:155,12,1,0
BRDA:177,13,0,0
BRDA:178,14,0,0
BRDA:178,14,1,0
BRDA:189,15,0,0
BRDA:189,15,1,0
BRDA:212,16,0,0
BRDA:212,16,1,0
BRDA:213,17,0,0
BRDA:213,17,1,0
BRDA:214,18,0,0
BRDA:214,18,1,0
BRDA:257,19,0,0
BRDA:282,20,0,0
BRDA:282,20,1,0
BRDA:284,21,0,0
BRDA:284,21,1,0
BRDA:297,22,0,0
BRDA:297,22,1,0
BRDA:297,23,0,0
BRDA:297,23,1,0
BRDA:303,24,0,0
BRDA:303,24,1,0
BRDA:304,25,0,0
BRDA:304,25,1,0
BRDA:305,26,0,0
BRDA:305,26,1,0
BRDA:306,27,0,0
BRDA:306,27,1,0
BRDA:307,28,0,0
BRDA:307,28,1,0
BRDA:308,29,0,0
BRDA:308,29,1,0
BRDA:309,30,0,0
BRDA:309,30,1,0
BRDA:310,31,0,0
BRDA:310,31,1,0
BRDA:330,32,0,0
BRDA:330,32,1,0
BRDA:349,33,0,0
BRDA:349,33,1,0
BRDA:350,34,0,0
BRDA:350,34,1,0
BRDA:372,35,0,0
BRDA:374,36,0,0
BRDA:374,36,1,0
BRDA:383,37,0,0
BRDA:383,37,1,0
BRDA:383,38,0,0
BRDA:383,38,1,0
BRDA:388,39,0,0
BRDA:388,39,1,0
BRDA:397,40,0,0
BRDA:408,41,0,0
BRDA:408,41,1,0
BRDA:419,42,0,0
BRDA:419,42,1,0
BRDA:435,43,0,0
BRDA:435,43,1,0
BRDA:461,44,0,0
BRDA:461,44,1,0
BRDA:463,45,0,0
BRDA:463,45,1,0
BRDA:465,46,0,0
BRDA:465,46,1,0
BRDA:465,47,0,0
BRDA:465,47,1,0
BRDA:465,47,2,0
BRDA:467,48,0,0
BRDA:467,48,1,0
BRDA:467,49,0,0
BRDA:467,49,1,0
BRDA:469,50,0,0
BRDA:469,50,1,0
BRDA:469,51,0,0
BRDA:469,51,1,0
BRF:98
BRH:0
end_of_record
TN:
SF:src/services/smart-redaction-service.js
FN:7,(anonymous_0)
FN:13,(anonymous_1)
FN:29,(anonymous_2)
FN:44,(anonymous_3)
FN:74,(anonymous_4)
FN:89,(anonymous_5)
FN:128,(anonymous_6)
FN:131,(anonymous_7)
FN:163,(anonymous_8)
FN:166,(anonymous_9)
FN:198,(anonymous_10)
FN:228,(anonymous_11)
FN:252,(anonymous_12)
FN:268,(anonymous_13)
FN:280,(anonymous_14)
FN:292,(anonymous_15)
FN:304,(anonymous_16)
FN:327,(anonymous_17)
FN:329,(anonymous_18)
FN:332,(anonymous_19)
FN:339,(anonymous_20)
FN:340,(anonymous_21)
FN:347,(anonymous_22)
FN:349,(anonymous_23)
FN:350,(anonymous_24)
FN:363,(anonymous_25)
FN:368,(anonymous_26)
FN:379,(anonymous_27)
FN:382,(anonymous_28)
FN:398,(anonymous_29)
FN:404,(anonymous_30)
FNF:31
FNH:0
FNDA:0,(anonymous_0)
FNDA:0,(anonymous_1)
FNDA:0,(anonymous_2)
FNDA:0,(anonymous_3)
FNDA:0,(anonymous_4)
FNDA:0,(anonymous_5)
FNDA:0,(anonymous_6)
FNDA:0,(anonymous_7)
FNDA:0,(anonymous_8)
FNDA:0,(anonymous_9)
FNDA:0,(anonymous_10)
FNDA:0,(anonymous_11)
FNDA:0,(anonymous_12)
FNDA:0,(anonymous_13)
FNDA:0,(anonymous_14)
FNDA:0,(anonymous_15)
FNDA:0,(anonymous_16)
FNDA:0,(anonymous_17)
FNDA:0,(anonymous_18)
FNDA:0,(anonymous_19)
FNDA:0,(anonymous_20)
FNDA:0,(anonymous_21)
FNDA:0,(anonymous_22)
FNDA:0,(anonymous_23)
FNDA:0,(anonymous_24)
FNDA:0,(anonymous_25)
FNDA:0,(anonymous_26)
FNDA:0,(anonymous_27)
FNDA:0,(anonymous_28)
FNDA:0,(anonymous_29)
FNDA:0,(anonymous_30)
DA:8,0
DA:9,0
DA:10,0
DA:15,0
DA:30,0
DA:45,0
DA:75,0
DA:82,0
DA:90,0
DA:92,0
DA:93,0
DA:103,0
DA:104,0
DA:114,0
DA:115,0
DA:125,0
DA:129,0
DA:131,0
DA:132,0
DA:133,0
DA:134,0
DA:146,0
DA:147,0
DA:148,0
DA:160,0
DA:164,0
DA:166,0
DA:167,0
DA:168,0
DA:169,0
DA:181,0
DA:182,0
DA:183,0
DA:195,0
DA:200,0
DA:202,0
DA:203,0
DA:216,0
DA:217,0
DA:229,0
DA:231,0
DA:232,0
DA:244,0
DA:253,0
DA:254,0
DA:258,0
DA:259,0
DA:261,0
DA:269,0
DA:270,0
DA:271,0
DA:273,0
DA:281,0
DA:283,0
DA:284,0
DA:285,0
DA:289,0
DA:293,0
DA:295,0
DA:296,0
DA:297,0
DA:301,0
DA:306,0
DA:308,0
DA:309,0
DA:310,0
DA:311,0
DA:312,0
DA:313,0
DA:314,0
DA:315,0
DA:316,0
DA:317,0
DA:318,0
DA:319,0
DA:320,0
DA:321,0
DA:323,0
DA:328,0
DA:329,0
DA:333,0
DA:339,0
DA:340,0
DA:342,0
DA:343,0
DA:344,0
DA:348,0
DA:349,0
DA:350,0
DA:352,0
DA:364,0
DA:368,0
DA:370,0
DA:371,0
DA:372,0
DA:373,0
DA:375,0
DA:380,0
DA:382,0
DA:384,0
DA:385,0
DA:388,0
DA:389,0
DA:390,0
DA:395,0
DA:401,0
DA:405,0
DA:407,0
DA:408,0
DA:410,0
DA:411,0
DA:413,0
DA:414,0
DA:416,0
DA:417,0
DA:419,0
DA:421,0
DA:422,0
DA:424,0
DA:426,0
DA:427,0
DA:429,0
DA:431,0
DA:432,0
DA:434,0
DA:440,0
LF:126
LH:0
BRDA:77,0,0,0
BRDA:77,0,1,0
BRDA:78,1,0,0
BRDA:78,1,1,0
BRDA:92,2,0,0
BRDA:92,2,1,0
BRDA:103,3,0,0
BRDA:103,3,1,0
BRDA:114,4,0,0
BRDA:114,4,1,0
BRDA:132,5,0,0
BRDA:132,5,1,0
BRDA:146,6,0,0
BRDA:146,6,1,0
BRDA:167,7,0,0
BRDA:167,7,1,0
BRDA:181,8,0,0
BRDA:181,8,1,0
BRDA:202,9,0,0
BRDA:202,9,1,0
BRDA:231,10,0,0
BRDA:231,10,1,0
BRDA:254,11,0,0
BRDA:254,11,1,0
BRDA:259,12,0,0
BRDA:259,12,1,0
BRDA:262,13,0,0
BRDA:262,13,1,0
BRDA:264,14,0,0
BRDA:264,14,1,0
BRDA:274,15,0,0
BRDA:274,15,1,0
BRDA:276,16,0,0
BRDA:276,16,1,0
BRDA:284,17,0,0
BRDA:284,17,1,0
BRDA:296,18,0,0
BRDA:296,18,1,0
BRDA:308,19,0,0
BRDA:308,19,1,0
BRDA:308,20,0,0
BRDA:308,20,1,0
BRDA:308,20,2,0
BRDA:310,21,0,0
BRDA:310,21,1,0
BRDA:310,22,0,0
BRDA:310,22,1,0
BRDA:310,22,2,0
BRDA:312,23,0,0
BRDA:312,23,1,0
BRDA:312,24,0,0
BRDA:312,24,1,0
BRDA:312,24,2,0
BRDA:314,25,0,0
BRDA:314,25,1,0
BRDA:314,26,0,0
BRDA:314,26,1,0
BRDA:314,26,2,0
BRDA:316,27,0,0
BRDA:316,27,1,0
BRDA:316,28,0,0
BRDA:316,28,1,0
BRDA:316,28,2,0
BRDA:318,29,0,0
BRDA:318,29,1,0
BRDA:318,30,0,0
BRDA:318,30,1,0
BRDA:318,30,2,0
BRDA:320,31,0,0
BRDA:320,31,1,0
BRDA:320,32,0,0
BRDA:320,32,1,0
BRDA:329,33,0,0
BRDA:329,33,1,0
BRDA:342,34,0,0
BRDA:342,34,1,0
BRDA:343,35,0,0
BRDA:343,35,1,0
BRDA:370,36,0,0
BRDA:370,36,1,0
BRDA:372,37,0,0
BRDA:372,37,1,0
BRDA:384,38,0,0
BRDA:384,38,1,0
BRDA:389,39,0,0
BRDA:389,39,1,0
BRDA:405,40,0,0
BRDA:405,40,1,0
BRDA:405,40,2,0
BRDA:405,40,3,0
BRDA:405,40,4,0
BRDA:405,40,5,0
BRDA:405,40,6,0
BRDA:407,41,0,0
BRDA:407,41,1,0
BRDA:410,42,0,0
BRDA:410,42,1,0
BRDA:413,43,0,0
BRDA:413,43,1,0
BRDA:416,44,0,0
BRDA:416,44,1,0
BRDA:421,45,0,0
BRDA:421,45,1,0
BRDA:426,46,0,0
BRDA:426,46,1,0
BRDA:431,47,0,0
BRDA:431,47,1,0
BRF:107
BRH:0
end_of_record
TN:
SF:src/utils/api-interceptor.js
FN:3,(anonymous_0)
FN:53,(anonymous_1)
FN:54,(anonymous_2)
FN:65,(anonymous_3)
FN:143,(anonymous_4)
FN:171,(anonymous_5)
FN:192,(anonymous_6)
FN:224,(anonymous_7)
FN:263,(anonymous_8)
FN:290,(anonymous_9)
FN:313,(anonymous_10)
FN:335,(anonymous_11)
FN:357,(anonymous_12)
FN:360,(anonymous_13)
FN:368,(anonymous_14)
FN:382,(anonymous_15)
FN:397,(anonymous_16)
FN:398,(anonymous_17)
FN:412,(anonymous_18)
FN:447,(anonymous_19)
FN:455,(anonymous_20)
FN:469,(anonymous_21)
FN:477,(anonymous_22)
FN:481,(anonymous_23)
FN:483,(anonymous_24)
FN:507,(anonymous_25)
FN:534,(anonymous_26)
FN:538,(anonymous_27)
FN:539,(anonymous_28)
FN:542,(anonymous_29)
FN:573,(anonymous_30)
FN:588,(anonymous_31)
FNF:32
FNH:0
FNDA:0,(anonymous_0)
FNDA:0,(anonymous_1)
FNDA:0,(anonymous_2)
FNDA:0,(anonymous_3)
FNDA:0,(anonymous_4)
FNDA:0,(anonymous_5)
FNDA:0,(anonymous_6)
FNDA:0,(anonymous_7)
FNDA:0,(anonymous_8)
FNDA:0,(anonymous_9)
FNDA:0,(anonymous_10)
FNDA:0,(anonymous_11)
FNDA:0,(anonymous_12)
FNDA:0,(anonymous_13)
FNDA:0,(anonymous_14)
FNDA:0,(anonymous_15)
FNDA:0,(anonymous_16)
FNDA:0,(anonymous_17)
FNDA:0,(anonymous_18)
FNDA:0,(anonymous_19)
FNDA:0,(anonymous_20)
FNDA:0,(anonymous_21)
FNDA:0,(anonymous_22)
FNDA:0,(anonymous_23)
FNDA:0,(anonymous_24)
FNDA:0,(anonymous_25)
FNDA:0,(anonymous_26)
FNDA:0,(anonymous_27)
FNDA:0,(anonymous_28)
FNDA:0,(anonymous_29)
FNDA:0,(anonymous_30)
FNDA:0,(anonymous_31)
DA:4,0
DA:5,0
DA:6,0
DA:7,0
DA:10,0
DA:35,0
DA:36,0
DA:39,0
DA:49,0
DA:54,0
DA:55,0
DA:66,0
DA:67,0
DA:69,0
DA:71,0
DA:74,0
DA:75,0
DA:77,0
DA:78,0
DA:79,0
DA:80,0
DA:88,0
DA:89,0
DA:90,0
DA:91,0
DA:93,0
DA:97,0
DA:98,0
DA:99,0
DA:100,0
DA:104,0
DA:107,0
DA:108,0
DA:109,0
DA:112,0
DA:113,0
DA:116,0
DA:118,0
DA:127,0
DA:130,0
DA:131,0
DA:132,0
DA:138,0
DA:144,0
DA:145,0
DA:146,0
DA:149,0
DA:150,0
DA:153,0
DA:154,0
DA:155,0
DA:157,0
DA:166,0
DA:167,0
DA:168,0
DA:170,0
DA:171,0
DA:172,0
DA:175,0
DA:176,0
DA:179,0
DA:180,0
DA:182,0
DA:183,0
DA:188,0
DA:193,0
DA:198,0
DA:200,0
DA:206,0
DA:212,0
DA:219,0
DA:225,0
DA:230,0
DA:233,0
DA:245,0
DA:258,0
DA:264,0
DA:267,0
DA:276,0
DA:285,0
DA:292,0
DA:293,0
DA:297,0
DA:298,0
DA:302,0
DA:303,0
DA:307,0
DA:308,0
DA:314,0
DA:315,0
DA:317,0
DA:319,0
DA:320,0
DA:321,0
DA:323,0
DA:324,0
DA:325,0
DA:326,0
DA:327,0
DA:328,0
DA:331,0
DA:336,0
DA:337,0
DA:339,0
DA:341,0
DA:342,0
DA:344,0
DA:345,0
DA:346,0
DA:347,0
DA:348,0
DA:349,0
DA:350,0
DA:353,0
DA:358,0
DA:359,0
DA:360,0
DA:364,0
DA:369,0
DA:378,0
DA:384,0
DA:385,0
DA:389,0
DA:390,0
DA:393,0
DA:398,0
DA:399,0
DA:408,0
DA:413,0
DA:414,0
DA:417,0
DA:419,0
DA:420,0
DA:421,0
DA:422,0
DA:423,0
DA:426,0
DA:428,0
DA:429,0
DA:434,0
DA:436,0
DA:440,0
DA:443,0
DA:448,0
DA:449,0
DA:450,0
DA:452,0
DA:453,0
DA:455,0
DA:456,0
DA:457,0
DA:462,0
DA:464,0
DA:468,0
DA:469,0
DA:472,0
DA:473,0
DA:477,0
DA:482,0
DA:483,0
DA:485,0
DA:486,0
DA:490,0
DA:491,0
DA:494,0
DA:495,0
DA:498,0
DA:499,0
DA:503,0
DA:508,0
DA:510,0
DA:511,0
DA:512,0
DA:513,0
DA:516,0
DA:518,0
DA:523,0
DA:525,0
DA:526,0
DA:530,0
DA:535,0
DA:539,0
DA:543,0
DA:545,0
DA:546,0
DA:548,0
DA:552,0
DA:553,0
DA:554,0
DA:555,0
DA:557,0
DA:560,0
DA:561,0
DA:562,0
DA:567,0
DA:568,0
DA:569,0
DA:574,0
DA:589,0
DA:598,0
DA:603,0
LF:201
LH:0
BRDA:65,0,0,0
BRDA:77,1,0,0
BRDA:77,1,1,0
BRDA:77,2,0,0
BRDA:77,2,1,0
BRDA:89,3,0,0
BRDA:89,3,1,0
BRDA:90,4,0,0
BRDA:90,4,1,0
BRDA:99,5,0,0
BRDA:99,5,1,0
BRDA:112,6,0,0
BRDA:112,6,1,0
BRDA:112,7,0,0
BRDA:112,7,1,0
BRDA:130,8,0,0
BRDA:130,8,1,0
BRDA:130,9,0,0
BRDA:130,9,1,0
BRDA:145,10,0,0
BRDA:145,10,1,0
BRDA:149,11,0,0
BRDA:149,11,1,0
BRDA:158,12,0,0
BRDA:158,12,1,0
BRDA:160,13,0,0
BRDA:160,13,1,0
BRDA:170,14,0,0
BRDA:170,14,1,0
BRDA:172,15,0,0
BRDA:172,15,1,0
BRDA:182,16,0,0
BRDA:182,16,1,0
BRDA:198,17,0,0
BRDA:198,17,1,0
BRDA:198,17,2,0
BRDA:198,17,3,0
BRDA:226,18,0,0
BRDA:226,18,1,0
BRDA:227,19,0,0
BRDA:227,19,1,0
BRDA:230,20,0,0
BRDA:230,20,1,0
BRDA:230,20,2,0
BRDA:230,20,3,0
BRDA:234,21,0,0
BRDA:234,21,1,0
BRDA:235,22,0,0
BRDA:235,22,1,0
BRDA:238,23,0,0
BRDA:238,23,1,0
BRDA:246,24,0,0
BRDA:246,24,1,0
BRDA:247,25,0,0
BRDA:247,25,1,0
BRDA:250,26,0,0
BRDA:250,26,1,0
BRDA:258,27,0,0
BRDA:258,27,1,0
BRDA:264,28,0,0
BRDA:264,28,1,0
BRDA:264,28,2,0
BRDA:264,28,3,0
BRDA:268,29,0,0
BRDA:268,29,1,0
BRDA:269,30,0,0
BRDA:269,30,1,0
BRDA:270,31,0,0
BRDA:270,31,1,0
BRDA:271,32,0,0
BRDA:271,32,1,0
BRDA:277,33,0,0
BRDA:277,33,1,0
BRDA:278,34,0,0
BRDA:278,34,1,0
BRDA:279,35,0,0
BRDA:279,35,1,0
BRDA:280,36,0,0
BRDA:280,36,1,0
BRDA:292,37,0,0
BRDA:292,37,1,0
BRDA:297,38,0,0
BRDA:297,38,1,0
BRDA:297,39,0,0
BRDA:297,39,1,0
BRDA:302,40,0,0
BRDA:302,40,1,0
BRDA:302,41,0,0
BRDA:302,41,1,0
BRDA:307,42,0,0
BRDA:307,42,1,0
BRDA:317,43,0,0
BRDA:317,43,1,0
BRDA:319,44,0,0
BRDA:319,44,1,0
BRDA:319,45,0,0
BRDA:319,45,1,0
BRDA:320,46,0,0
BRDA:320,46,1,0
BRDA:321,47,0,0
BRDA:321,47,1,0
BRDA:323,48,0,0
BRDA:323,48,1,0
BRDA:325,49,0,0
BRDA:325,49,1,0
BRDA:325,50,0,0
BRDA:325,50,1,0
BRDA:327,51,0,0
BRDA:327,51,1,0
BRDA:339,52,0,0
BRDA:339,52,1,0
BRDA:339,53,0,0
BRDA:339,53,1,0
BRDA:341,54,0,0
BRDA:341,54,1,0
BRDA:341,54,2,0
BRDA:342,55,0,0
BRDA:342,55,1,0
BRDA:344,56,0,0
BRDA:344,56,1,0
BRDA:345,57,0,0
BRDA:345,57,1,0
BRDA:345,58,0,0
BRDA:345,58,1,0
BRDA:347,59,0,0
BRDA:347,59,1,0
BRDA:347,60,0,0
BRDA:347,60,1,0
BRDA:348,61,0,0
BRDA:348,61,1,0
BRDA:349,62,0,0
BRDA:349,62,1,0
BRDA:359,63,0,0
BRDA:359,63,1,0
BRDA:359,64,0,0
BRDA:359,64,1,0
BRDA:360,65,0,0
BRDA:360,65,1,0
BRDA:384,66,0,0
BRDA:384,66,1,0
BRDA:384,67,0,0
BRDA:384,67,1,0
BRDA:389,68,0,0
BRDA:389,68,1,0
BRDA:413,69,0,0
BRDA:413,69,1,0
BRDA:413,70,0,0
BRDA:413,70,1,0
BRDA:421,71,0,0
BRDA:421,71,1,0
BRDA:447,72,0,0
BRDA:449,73,0,0
BRDA:449,73,1,0
BRDA:450,74,0,0
BRDA:450,74,1,0
BRDA:472,75,0,0
BRDA:472,75,1,0
BRDA:481,76,0,0
BRDA:485,77,0,0
BRDA:485,77,1,0
BRDA:490,78,0,0
BRDA:490,78,1,0
BRDA:491,79,0,0
BRDA:491,79,1,0
BRDA:494,80,0,0
BRDA:494,80,1,0
BRDA:495,81,0,0
BRDA:495,81,1,0
BRDA:498,82,0,0
BRDA:498,82,1,0
BRDA:499,83,0,0
BRDA:499,83,1,0
BRDA:511,84,0,0
BRDA:511,84,1,0
BRDA:542,85,0,0
BRDA:545,86,0,0
BRDA:545,86,1,0
BRDA:552,87,0,0
BRDA:552,87,1,0
BRDA:554,88,0,0
BRDA:554,88,1,0
BRF:181
BRH:0
end_of_record
TN:
SF:src/utils/config.js
FN:3,(anonymous_0)
FN:42,(anonymous_1)
FN:61,(anonymous_2)
FN:70,(anonymous_3)
FN:74,(anonymous_4)
FN:80,(anonymous_5)
FN:94,(anonymous_6)
FN:115,(anonymous_7)
FN:117,(anonymous_8)
FN:121,(anonymous_9)
FN:132,(anonymous_10)
FN:154,(anonymous_11)
FN:161,(anonymous_12)
FN:167,(anonymous_13)
FN:168,(anonymous_14)
FN:182,(anonymous_15)
FN:188,(anonymous_16)
FN:193,(anonymous_17)
FN:194,(anonymous_18)
FN:205,(anonymous_19)
FN:211,(anonymous_20)
FN:214,(anonymous_21)
FN:219,(anonymous_22)
FN:232,(anonymous_23)
FN:245,(anonymous_24)
FN:249,(anonymous_25)
FN:254,(anonymous_26)
FN:266,(anonymous_27)
FN:272,(anonymous_28)
FN:279,(anonymous_29)
FN:286,(anonymous_30)
FN:292,(anonymous_31)
FN:307,(anonymous_32)
FN:322,(anonymous_33)
FN:329,(anonymous_34)
FN:364,(anonymous_35)
FNF:36
FNH:0
FNDA:0,(anonymous_0)
FNDA:0,(anonymous_1)
FNDA:0,(anonymous_2)
FNDA:0,(anonymous_3)
FNDA:0,(anonymous_4)
FNDA:0,(anonymous_5)
FNDA:0,(anonymous_6)
FNDA:0,(anonymous_7)
FNDA:0,(anonymous_8)
FNDA:0,(anonymous_9)
FNDA:0,(anonymous_10)
FNDA:0,(anonymous_11)
FNDA:0,(anonymous_12)
FNDA:0,(anonymous_13)
FNDA:0,(anonymous_14)
FNDA:0,(anonymous_15)
FNDA:0,(anonymous_16)
FNDA:0,(anonymous_17)
FNDA:0,(anonymous_18)
FNDA:0,(anonymous_19)
FNDA:0,(anonymous_20)
FNDA:0,(anonymous_21)
FNDA:0,(anonymous_22)
FNDA:0,(anonymous_23)
FNDA:0,(anonymous_24)
FNDA:0,(anonymous_25)
FNDA:0,(anonymous_26)
FNDA:0,(anonymous_27)
FNDA:0,(anonymous_28)
FNDA:0,(anonymous_29)
FNDA:0,(anonymous_30)
FNDA:0,(anonymous_31)
FNDA:0,(anonymous_32)
FNDA:0,(anonymous_33)
FNDA:0,(anonymous_34)
FNDA:0,(anonymous_35)
DA:4,0
DA:39,0
DA:44,0
DA:45,0
DA:54,0
DA:55,0
DA:58,0
DA:62,0
DA:65,0
DA:66,0
DA:71,0
DA:75,0
DA:78,0
DA:80,0
DA:81,0
DA:82,0
DA:86,0
DA:87,0
DA:88,0
DA:91,0
DA:95,0
DA:97,0
DA:99,0
DA:101,0
DA:103,0
DA:105,0
DA:107,0
DA:109,0
DA:111,0
DA:116,0
DA:117,0
DA:122,0
DA:133,0
DA:155,0
DA:156,0
DA:157,0
DA:158,0
DA:162,0
DA:163,0
DA:164,0
DA:167,0
DA:168,0
DA:171,0
DA:172,0
DA:175,0
DA:176,0
DA:179,0
DA:183,0
DA:184,0
DA:185,0
DA:189,0
DA:190,0
DA:191,0
DA:193,0
DA:194,0
DA:196,0
DA:206,0
DA:207,0
DA:208,0
DA:212,0
DA:214,0
DA:216,0
DA:220,0
DA:221,0
DA:224,0
DA:225,0
DA:226,0
DA:229,0
DA:234,0
DA:235,0
DA:236,0
DA:239,0
DA:246,0
DA:250,0
DA:255,0
DA:256,0
DA:257,0
DA:258,0
DA:267,0
DA:268,0
DA:269,0
DA:273,0
DA:274,0
DA:275,0
DA:276,0
DA:280,0
DA:281,0
DA:282,0
DA:283,0
DA:287,0
DA:288,0
DA:289,0
DA:293,0
DA:294,0
DA:297,0
DA:298,0
DA:299,0
DA:302,0
DA:303,0
DA:304,0
DA:308,0
DA:309,0
DA:311,0
DA:312,0
DA:315,0
DA:316,0
DA:319,0
DA:323,0
DA:330,0
DA:346,0
DA:347,0
DA:348,0
DA:349,0
DA:352,0
DA:353,0
DA:354,0
DA:355,0
DA:356,0
DA:357,0
DA:358,0
DA:359,0
DA:360,0
DA:364,0
DA:365,0
LF:124
LH:0
BRDA:19,0,0,0
BRDA:19,0,1,0
BRDA:20,1,0,0
BRDA:20,1,1,0
BRDA:21,2,0,0
BRDA:21,2,1,0
BRDA:34,3,0,0
BRDA:34,3,1,0
BRDA:35,4,0,0
BRDA:35,4,1,0
BRDA:36,5,0,0
BRDA:36,5,1,0
BRDA:44,6,0,0
BRDA:44,6,1,0
BRDA:44,7,0,0
BRDA:44,7,1,0
BRDA:54,8,0,0
BRDA:54,8,1,0
BRDA:65,9,0,0
BRDA:65,9,1,0
BRDA:81,10,0,0
BRDA:81,10,1,0
BRDA:86,11,0,0
BRDA:86,11,1,0
BRDA:95,12,0,0
BRDA:95,12,1,0
BRDA:95,12,2,0
BRDA:95,12,3,0
BRDA:95,12,4,0
BRDA:95,12,5,0
BRDA:95,12,6,0
BRDA:95,12,7,0
BRDA:105,13,0,0
BRDA:105,13,1,0
BRDA:107,14,0,0
BRDA:107,14,1,0
BRDA:154,15,0,0
BRDA:154,16,0,0
BRDA:171,17,0,0
BRDA:171,17,1,0
BRDA:175,18,0,0
BRDA:175,18,1,0
BRDA:205,19,0,0
BRDA:205,20,0,0
BRDA:211,21,0,0
BRDA:221,22,0,0
BRDA:221,22,1,0
BRDA:224,23,0,0
BRDA:224,23,1,0
BRDA:234,24,0,0
BRDA:234,24,1,0
BRDA:257,25,0,0
BRDA:257,25,1,0
BRDA:275,26,0,0
BRDA:275,26,1,0
BRDA:276,27,0,0
BRDA:276,27,1,0
BRDA:282,28,0,0
BRDA:282,28,1,0
BRDA:283,29,0,0
BRDA:283,29,1,0
BRDA:297,30,0,0
BRDA:297,30,1,0
BRDA:302,31,0,0
BRDA:302,31,1,0
BRDA:307,32,0,0
BRDA:311,33,0,0
BRDA:311,33,1,0
BRDA:315,34,0,0
BRDA:315,34,1,0
BRDA:352,35,0,0
BRDA:352,35,1,0
BRF:72
BRH:0
end_of_record
TN:
SF:src/utils/minimal-api-config.js
FN:3,(anonymous_0)
FN:18,(anonymous_1)
FN:30,(anonymous_2)
FN:39,(anonymous_3)
FN:44,(anonymous_4)
FN:46,(anonymous_5)
FN:50,(anonymous_6)
FN:57,(anonymous_7)
FN:62,(anonymous_8)
FN:67,(anonymous_9)
FN:73,(anonymous_10)
FN:81,(anonymous_11)
FN:84,(anonymous_12)
FN:91,(anonymous_13)
FN:96,(anonymous_14)
FN:108,(anonymous_15)
FN:115,(anonymous_16)
FN:122,(anonymous_17)
FN:128,(anonymous_18)
FN:198,(anonymous_19)
FN:210,(anonymous_20)
FN:214,(anonymous_21)
FNF:22
FNH:0
FNDA:0,(anonymous_0)
FNDA:0,(anonymous_1)
FNDA:0,(anonymous_2)
FNDA:0,(anonymous_3)
FNDA:0,(anonymous_4)
FNDA:0,(anonymous_5)
FNDA:0,(anonymous_6)
FNDA:0,(anonymous_7)
FNDA:0,(anonymous_8)
FNDA:0,(anonymous_9)
FNDA:0,(anonymous_10)
FNDA:0,(anonymous_11)
FNDA:0,(anonymous_12)
FNDA:0,(anonymous_13)
FNDA:0,(anonymous_14)
FNDA:0,(anonymous_15)
FNDA:0,(anonymous_16)
FNDA:0,(anonymous_17)
FNDA:0,(anonymous_18)
FNDA:0,(anonymous_19)
FNDA:0,(anonymous_20)
FNDA:0,(anonymous_21)
DA:5,0
DA:8,0
DA:20,0
DA:21,0
DA:22,0
DA:26,0
DA:31,0
DA:32,0
DA:34,0
DA:40,0
DA:45,0
DA:46,0
DA:51,0
DA:58,0
DA:59,0
DA:63,0
DA:64,0
DA:67,0
DA:70,0
DA:74,0
DA:75,0
DA:76,0
DA:78,0
DA:82,0
DA:83,0
DA:84,0
DA:85,0
DA:92,0
DA:93,0
DA:97,0
DA:98,0
DA:100,0
DA:101,0
DA:102,0
DA:105,0
DA:109,0
DA:116,0
DA:123,0
DA:124,0
DA:125,0
DA:130,0
DA:131,0
DA:135,0
DA:136,0
DA:137,0
DA:141,0
DA:144,0
DA:145,0
DA:146,0
DA:150,0
DA:151,0
DA:154,0
DA:156,0
DA:159,0
DA:160,0
DA:161,0
DA:164,0
DA:165,0
DA:166,0
DA:168,0
DA:169,0
DA:170,0
DA:174,0
DA:175,0
DA:177,0
DA:182,0
DA:183,0
DA:186,0
DA:189,0
DA:191,0
DA:193,0
DA:199,0
DA:211,0
DA:215,0
DA:228,0
DA:229,0
DA:230,0
DA:231,0
DA:232,0
LF:79
LH:0
BRDA:20,0,0,0
BRDA:20,0,1,0
BRDA:20,1,0,0
BRDA:20,1,1,0
BRDA:22,2,0,0
BRDA:22,2,1,0
BRDA:26,3,0,0
BRDA:26,3,1,0
BRDA:31,4,0,0
BRDA:31,4,1,0
BRDA:51,5,0,0
BRDA:51,5,1,0
BRDA:57,6,0,0
BRDA:74,7,0,0
BRDA:74,7,1,0
BRDA:91,8,0,0
BRDA:98,9,0,0
BRDA:98,9,1,0
BRDA:100,10,0,0
BRDA:100,10,1,0
BRDA:128,11,0,0
BRDA:130,12,0,0
BRDA:130,12,1,0
BRDA:136,13,0,0
BRDA:136,13,1,0
BRDA:136,14,0,0
BRDA:136,14,1,0
BRDA:141,15,0,0
BRDA:141,15,1,0
BRDA:145,16,0,0
BRDA:145,16,1,0
BRDA:156,17,0,0
BRDA:156,17,1,0
BRDA:156,17,2,0
BRDA:156,17,3,0
BRDA:182,18,0,0
BRDA:182,18,1,0
BRDA:198,19,0,0
BRDA:228,20,0,0
BRDA:228,20,1,0
BRF:40
BRH:0
end_of_record
